iabf	8	{"ec":0}
iabh	8	{"ec":0}
iabj	8	{"ec":0}
iabk	8	{"ec":0}
iabs	8	{"ec":0}
iabt	8	{"ec":0}
iabv	8	{"ec":0}
iabx	8	{"ec":0}
iacf	8	{"ec":0}
iacv	8	{"ec":0}
iadh	8	{"ec":0}
iadk	8	{"ec":0}
iadl	8	{"ec":0}
iado	8	{"ec":0}
iadp	8	{"ec":0}
iadq	8	{"ec":0}
iadr	8	{"ec":0}
iadv	8	{"ec":0}
iaej	8	{"ec":0}
iaeq	8	{"ec":0}
iaeu	8	{"ec":0}
iaev	8	{"ec":0}
iaew	8	{"ec":0}
iaey	8	{"ec":0}
iaez	8	{"ec":0}
iafb	8	{"ec":0}
iafd	8	{"ec":0}
iafe	8	{"ec":0}
iafg	8	{"ec":0}
iafj	8	{"ec":0}
iafl	8	{"ec":0}
iafo	8	{"ec":0}
iafr	8	{"ec":0}
iafu	8	{"ec":0}
iafx	8	{"ec":0}
iaga	8	{"ec":0}
iagf	8	{"ec":0}
iagj	8	{"ec":0}
iagk	8	{"ec":0}
iagl	8	{"ec":0}
iagm	8	{"ec":0}
iagp	8	{"ec":0}
iagq	8	{"ec":0}
iagr	8	{"ec":0}
iagt	8	{"ec":0}
iagz	8	{"ec":0}
iahb	8	{"ec":0}
iahd	8	{"ec":0}
iahe	8	{"ec":0}
iahk	8	{"ec":0}
iahm	8	{"ec":0}
iahp	8	{"ec":0}
iahr	8	{"ec":0}
iahv	8	{"ec":0}
iahw	8	{"ec":0}
iahx	8	{"ec":0}
iajc	8	{"ec":0}
iajf	8	{"ec":0}
iajg	8	{"ec":0}
iajl	8	{"ec":0}
iajm	8	{"ec":0}
iajn	8	{"ec":0}
iajo	8	{"ec":0}
iajt	8	{"ec":0}
iaju	8	{"ec":0}
iajv	8	{"ec":0}
iajw	8	{"ec":0}
iajz	8	{"ec":0}
iakc	8	{"ec":0}
iakj	8	{"ec":0}
iakl	8	{"ec":0}
iakr	8	{"ec":0}
iakw	8	{"ec":0}
iakx	8	{"ec":0}
iakz	8	{"ec":0}
ialg	8	{"ec":0}
ialn	8	{"ec":0}
ialo	8	{"ec":0}
ialr	8	{"ec":0}
ials	8	{"ec":0}
ialv	8	{"ec":0}
ialw	8	{"ec":0}
ialz	8	{"ec":0}
ianp	8	{"ec":0}
iaoy	8	{"ec":0}
iapb	8	{"ec":0}
iapf	8	{"ec":0}
iapg	8	{"ec":0}
iapj	8	{"ec":0}
iapn	8	{"ec":0}
iapq	8	{"ec":0}
iapr	8	{"ec":0}
iapt	8	{"ec":0}
iapv	8	{"ec":0}
iapw	8	{"ec":0}
iapz	8	{"ec":0}
iaqc	8	{"ec":0}
iaqh	8	{"ec":0}
iaqj	8	{"ec":0}
iaqk	8	{"ec":0}
iaqm	8	{"ec":0}
iaqp	8	{"ec":0}
iaqs	8	{"ec":0}
iaqt	8	{"ec":0}
iarx	8	{"ec":0}
iasr	8	{"ec":0}
iasv	8	{"ec":0}
iasy	8	{"ec":0}
iasz	8	{"ec":0}
iatl	8	{"ec":0}
iatn	8	{"ec":0}
iatq	8	{"ec":0}
iatr	8	{"ec":0}
iaub	8	{"ec":0}
iauc	8	{"ec":0}
iauf	8	{"ec":0}
iauh	8	{"ec":0}
iauk	8	{"ec":0}
iaul	8	{"ec":0}
iaum	8	{"ec":0}
iaup	8	{"ec":0}
iaur	8	{"ec":0}
iaut	8	{"ec":0}
iauv	8	{"ec":0}
iauy	8	{"ec":0}
iavh	8	{"ec":0}
iavl	8	{"ec":0}
iavp	8	{"ec":0}
iavr	8	{"ec":0}
iavx	8	{"ec":0}
iavz	8	{"ec":0}
iawc	8	{"ec":0}
iawi	8	{"ec":0}
iawr	8	{"ec":0}
iaws	8	{"ec":0}
iawv	8	{"ec":0}
iawz	8	{"ec":0}
iaxb	8	{"ec":0}
iaxd	8	{"ec":0}
iaxg	8	{"ec":0}
iaxh	8	{"ec":0}
iaxk	8	{"ec":0}
iaxm	8	{"ec":0}
iaxn	8	{"ec":0}
iaxq	8	{"ec":0}
iaxt	8	{"ec":0}
iaxv	8	{"ec":0}
iaxz	8	{"ec":0}
iayd	8	{"ec":0}
iaye	8	{"ec":0}
iayj	8	{"ec":0}
iayn	8	{"ec":0}
iayp	8	{"ec":0}
iayr	8	{"ec":0}
iayt	8	{"ec":0}
iayv	8	{"ec":0}
iayw	8	{"ec":0}
iayx	8	{"ec":0}
iazc	8	{"ec":0}
iazf	8	{"ec":0}
iazm	8	{"ec":0}
iazp	8	{"ec":0}
iazs	8	{"ec":0}
iazt	8	{"ec":0}
iazv	8	{"ec":0}
iazw	8	{"ec":0}
ibaf	8	{"ec":0}
ibaj	8	{"ec":0}
ibap	8	{"ec":0}
ibaq	8	{"ec":0}
ibas	8	{"ec":0}
ibau	8	{"ec":0}
ibav	8	{"ec":0}
ibaw	8	{"ec":0}
ibbh	8	{"ec":0}
ibbp	8	{"ec":0}
ibbv	8	{"ec":0}
ibcr	8	{"ec":0}
ibct	8	{"ec":0}
ibcv	8	{"ec":0}
ibcw	8	{"ec":0}
ibcz	8	{"ec":0}
ibda	8	{"ec":0}
ibdc	8	{"ec":0}
ibde	8	{"ec":0}
ibdf	8	{"ec":0}
ibdh	8	{"ec":0}
ibdj	8	{"ec":0}
ibdk	8	{"ec":0}
ibdl	8	{"ec":0}
ibdm	8	{"ec":0}
ibdo	8	{"ec":0}
ibdp	8	{"ec":0}
ibdq	8	{"ec":0}
ibds	8	{"ec":0}
ibdt	8	{"ec":0}
ibdu	8	{"ec":0}
ibdv	8	{"ec":0}
ibdz	8	{"ec":0}
ibej	8	{"ec":0}
ibeo	8	{"ec":0}
ibep	8	{"ec":0}
ibeq	8	{"ec":0}
ibev	8	{"ec":0}
ibew	8	{"ec":0}
ibfa	8	{"ec":0}
ibfb	8	{"ec":0}
ibfe	8	{"ec":0}
ibfi	8	{"ec":0}
ibfj	8	{"ec":0}
ibfk	8	{"ec":0}
ibfl	8	{"ec":0}
ibfm	8	{"ec":0}
ibfn	8	{"ec":0}
ibfp	8	{"ec":0}
ibfq	8	{"ec":0}
ibfr	8	{"ec":0}
ibfu	8	{"ec":0}
ibfy	8	{"ec":0}
ibfz	8	{"ec":0}
ibga	8	{"ec":0}
ibgf	8	{"ec":0}
ibgi	8	{"ec":0}
ibgl	8	{"ec":0}
ibgm	8	{"ec":0}
ibgo	8	{"ec":0}
ibgr	8	{"ec":0}
ibgs	8	{"ec":0}
ibgt	8	{"ec":0}
ibgv	8	{"ec":0}
ibgz	8	{"ec":0}
ibhc	8	{"ec":0}
ibhd	8	{"ec":0}
ibhf	8	{"ec":0}
ibhg	8	{"ec":0}
ibhi	8	{"ec":0}
ibhj	8	{"ec":0}
ibhm	8	{"ec":0}
ibhq	8	{"ec":0}
ibhr	8	{"ec":0}
ibhs	8	{"ec":0}
ibht	8	{"ec":0}
ibhu	8	{"ec":0}
ibhv	8	{"ec":0}
ibhw	8	{"ec":0}
ibhx	8	{"ec":0}
ibhz	8	{"ec":0}
ibif	8	{"ec":0}
ibih	8	{"ec":0}
ibiw	8	{"ec":0}
ibja	8	{"ec":0}
ibjb	8	{"ec":0}
ibjg	8	{"ec":0}
ibjk	8	{"ec":0}
ibjl	8	{"ec":0}
ibjp	8	{"ec":0}
ibjs	8	{"ec":0}
ibjv	8	{"ec":0}
ibjw	8	{"ec":0}
ibka	8	{"ec":0}
ibkf	8	{"ec":0}
ibkh	8	{"ec":0}
ibki	8	{"ec":0}
ibkl	8	{"ec":0}
ibkm	8	{"ec":0}
ibkn	8	{"ec":0}
ibko	8	{"ec":0}
ibkp	8	{"ec":0}
ibkr	8	{"ec":0}
ibku	8	{"ec":0}
ibkv	8	{"ec":0}
ibkw	8	{"ec":0}
ibky	8	{"ec":0}
iblb	8	{"ec":0}
iblf	8	{"ec":0}
iblj	8	{"ec":0}
iblm	8	{"ec":0}
iblr	8	{"ec":0}
iblw	8	{"ec":0}
ibmr	8	{"ec":0}
ibna	8	{"ec":0}
ibnc	8	{"ec":0}
ibne	8	{"ec":0}
ibnh	8	{"ec":0}
ibni	8	{"ec":0}
ibnj	8	{"ec":0}
ibnk	8	{"ec":0}
ibnl	8	{"ec":0}
ibno	8	{"ec":0}
ibnp	8	{"ec":0}
ibnt	8	{"ec":0}
ibnw	8	{"ec":0}
ibny	8	{"ec":0}
ibof	8	{"ec":0}
iboj	8	{"ec":0}
ibpd	8	{"ec":0}
ibpe	8	{"ec":0}
ibpf	8	{"ec":0}
ibpg	8	{"ec":0}
ibpj	8	{"ec":0}
ibpn	8	{"ec":0}
ibpo	8	{"ec":0}
ibpp	8	{"ec":0}
ibpq	8	{"ec":0}
ibpr	8	{"ec":0}
ibpu	8	{"ec":0}
ibpw	8	{"ec":0}
ibpy	8	{"ec":0}
ibpz	8	{"ec":0}
ibqa	8	{"ec":0}
ibqe	8	{"ec":0}
ibqf	8	{"ec":0}
ibqg	8	{"ec":0}
ibqi	8	{"ec":0}
ibqj	8	{"ec":0}
ibqk	8	{"ec":0}
ibqu	8	{"ec":0}
ibqv	8	{"ec":0}
ibqx	8	{"ec":0}
ibqy	8	{"ec":0}
ibqz	8	{"ec":0}
ibre	8	{"ec":0}
ibrf	8	{"ec":0}
ibrh	8	{"ec":0}
ibrj	8	{"ec":0}
ibrk	8	{"ec":0}
ibrl	8	{"ec":0}
ibrp	8	{"ec":0}
ibrv	8	{"ec":0}
ibrw	8	{"ec":0}
ibrz	8	{"ec":0}
ibsg	8	{"ec":0}
ibsj	8	{"ec":0}
ibsq	8	{"ec":0}
ibsr	8	{"ec":0}
ibtb	8	{"ec":0}
ibte	8	{"ec":0}
ibtf	8	{"ec":0}
ibth	8	{"ec":0}
ibti	8	{"ec":0}
ibtj	8	{"ec":0}
ibtk	8	{"ec":0}
ibtm	8	{"ec":0}
ibtn	8	{"ec":0}
ibto	8	{"ec":0}
ibtr	8	{"ec":0}
ibts	8	{"ec":0}
ibtu	8	{"ec":0}
ibtz	8	{"ec":0}
ibua	8	{"ec":0}
ibuc	8	{"ec":0}
ibue	8	{"ec":0}
ibuj	8	{"ec":0}
ibup	8	{"ec":0}
ibuq	8	{"ec":0}
ibur	8	{"ec":0}
ibuu	8	{"ec":0}
ibuv	8	{"ec":0}
ibuz	8	{"ec":0}
ibvb	8	{"ec":0}
ibvf	8	{"ec":0}
ibvg	8	{"ec":0}
ibvh	8	{"ec":0}
ibvi	8	{"ec":0}
ibvj	8	{"ec":0}
ibvk	8	{"ec":0}
ibvl	8	{"ec":0}
ibvn	8	{"ec":0}
ibvo	8	{"ec":0}
ibvp	8	{"ec":0}
ibvs	8	{"ec":0}
ibvu	8	{"ec":0}
ibvw	8	{"ec":0}
ibvy	8	{"ec":0}
ibvz	8	{"ec":0}
ibwe	8	{"ec":0}
ibwf	8	{"ec":0}
ibwg	8	{"ec":0}
ibwi	8	{"ec":0}
ibwk	8	{"ec":0}
ibwm	8	{"ec":0}
ibwp	8	{"ec":0}
ibwv	8	{"ec":0}
ibwy	8	{"ec":0}
ibwz	8	{"ec":0}
ibxb	8	{"ec":0}
ibxf	8	{"ec":0}
ibxg	8	{"ec":0}
ibxk	8	{"ec":0}
ibxn	8	{"ec":0}
ibxo	8	{"ec":0}
ibxp	8	{"ec":0}
ibxq	8	{"ec":0}
ibxr	8	{"ec":0}
ibxt	8	{"ec":0}
ibxv	8	{"ec":0}
ibxx	8	{"ec":0}
ibyb	8	{"ec":0}
ibyf	8	{"ec":0}
ibyg	8	{"ec":0}
ibyi	8	{"ec":0}
ibyl	8	{"ec":0}
ibyn	8	{"ec":0}
ibyo	8	{"ec":0}
ibyp	8	{"ec":0}
ibyr	8	{"ec":0}
ibyt	8	{"ec":0}
ibyv	8	{"ec":0}
ibyw	8	{"ec":0}
ibyy	8	{"ec":0}
ibyz	8	{"ec":0}
ibza	8	{"ec":0}
ibzb	8	{"ec":0}
ibzc	8	{"ec":0}
ibzg	8	{"ec":0}
ibzh	8	{"ec":0}
ibzj	8	{"ec":0}
ibzk	8	{"ec":0}
ibzl	8	{"ec":0}
ibzm	8	{"ec":0}
ibzn	8	{"ec":0}
ibzq	8	{"ec":0}
ibzs	8	{"ec":0}
ibzu	8	{"ec":0}
ibzv	8	{"ec":0}
ibzw	8	{"ec":0}
ibzx	8	{"ec":0}
ibzy	8	{"ec":0}
icaz	8	{"ec":0}
icbf	8	{"ec":0}
icbh	8	{"ec":0}
icbn	8	{"ec":0}
icbw	8	{"ec":0}
icbx	8	{"ec":0}
icdf	8	{"ec":0}
icdj	8	{"ec":0}
icdr	8	{"ec":0}
icdv	8	{"ec":0}
icdx	8	{"ec":0}
icfg	8	{"ec":0}
icfr	8	{"ec":0}
icfu	8	{"ec":0}
icfv	8	{"ec":0}
icfx	8	{"ec":0}
icfz	8	{"ec":0}
icga	8	{"ec":0}
icgb	8	{"ec":0}
icgc	8	{"ec":0}
icgh	8	{"ec":0}
icgk	8	{"ec":0}
icgl	8	{"ec":0}
icgs	8	{"ec":0}
icgu	8	{"ec":0}
icgw	8	{"ec":0}
ichf	8	{"ec":0}
ichv	8	{"ec":0}
icih	8	{"ec":0}
icij	8	{"ec":0}
iciu	8	{"ec":0}
icja	8	{"ec":0}
icjb	8	{"ec":0}
icjk	8	{"ec":0}
icjm	8	{"ec":0}
icjn	8	{"ec":0}
icjo	8	{"ec":0}
icjx	8	{"ec":0}
icjz	8	{"ec":0}
ickb	8	{"ec":0}
ickf	8	{"ec":0}
ickm	8	{"ec":0}
ickq	8	{"ec":0}
icks	8	{"ec":0}
ickz	8	{"ec":0}
icld	8	{"ec":0}
iclf	8	{"ec":0}
iclk	8	{"ec":0}
iclv	8	{"ec":0}
iclz	8	{"ec":0}
icmq	8	{"ec":0}
icmu	8	{"ec":0}
icmw	8	{"ec":0}
icnf	8	{"ec":0}
icno	8	{"ec":0}
icnp	8	{"ec":0}
icns	8	{"ec":0}
icnv	8	{"ec":0}
icnw	8	{"ec":0}
icnx	8	{"ec":0}
icnz	8	{"ec":0}
icoh	8	{"ec":0}
icpb	8	{"ec":0}
icpf	8	{"ec":0}
icpg	8	{"ec":0}
icph	8	{"ec":0}
icpn	8	{"ec":0}
icpr	8	{"ec":0}
icpv	8	{"ec":0}
icpw	8	{"ec":0}
icrb	8	{"ec":0}
icrf	8	{"ec":0}
icrg	8	{"ec":0}
icrh	8	{"ec":0}
icri	8	{"ec":0}
icrj	8	{"ec":0}
icrk	8	{"ec":0}
icru	8	{"ec":0}
icrw	8	{"ec":0}
icrz	8	{"ec":0}
icsb	8	{"ec":0}
icsx	8	{"ec":0}
icta	8	{"ec":0}
ictb	8	{"ec":0}
ictg	8	{"ec":0}
ictq	8	{"ec":0}
ictr	8	{"ec":0}
ictu	8	{"ec":0}
ictw	8	{"ec":0}
icua	8	{"ec":0}
icuf	8	{"ec":0}
icuj	8	{"ec":0}
icuk	8	{"ec":0}
icuv	8	{"ec":0}
icux	8	{"ec":0}
icuy	8	{"ec":0}
icva	8	{"ec":0}
icvd	8	{"ec":0}
icvf	8	{"ec":0}
icvg	8	{"ec":0}
icvk	8	{"ec":0}
icvl	8	{"ec":0}
icvp	8	{"ec":0}
icvq	8	{"ec":0}
icvt	8	{"ec":0}
icvx	8	{"ec":0}
icvy	8	{"ec":0}
icvz	8	{"ec":0}
icwd	8	{"ec":0}
icwj	8	{"ec":0}
icwv	8	{"ec":0}
icwy	8	{"ec":0}
icxg	8	{"ec":0}
icxn	8	{"ec":0}
icxt	8	{"ec":0}
icxu	8	{"ec":0}
icyg	8	{"ec":0}
icyr	8	{"ec":0}
icza	8	{"ec":0}
icze	8	{"ec":0}
iczk	8	{"ec":0}
iczn	8	{"ec":0}
iczo	8	{"ec":0}
iczr	8	{"ec":0}
iczu	8	{"ec":0}
iczv	8	{"ec":0}
idah	8	{"ec":0}
idaj	8	{"ec":0}
idbg	8	{"ec":0}
idbn	8	{"ec":0}
idbp	8	{"ec":0}
idbr	8	{"ec":0}
idbt	8	{"ec":0}
idbv	8	{"ec":0}
idbx	8	{"ec":0}
idcb	8	{"ec":0}
idcg	8	{"ec":0}
idcl	8	{"ec":0}
idcq	8	{"ec":0}
iddh	8	{"ec":0}
iddq	8	{"ec":0}
iddr	8	{"ec":0}
idei	8	{"ec":0}
idek	8	{"ec":0}
idet	8	{"ec":0}
idfe	8	{"ec":0}
idfm	8	{"ec":0}
idfq	8	{"ec":0}
idfr	8	{"ec":0}
idfv	8	{"ec":0}
idgb	8	{"ec":0}
idgc	8	{"ec":0}
idgi	8	{"ec":0}
idgu	8	{"ec":0}
idgy	8	{"ec":0}
idhd	8	{"ec":0}
idhj	8	{"ec":0}
idhp	8	{"ec":0}
idhr	8	{"ec":0}
idhw	8	{"ec":0}
idiz	8	{"ec":0}
idja	8	{"ec":0}
idjk	8	{"ec":0}
idjm	8	{"ec":0}
idjo	8	{"ec":0}
idju	8	{"ec":0}
idjx	8	{"ec":0}
idjz	8	{"ec":0}
idkb	8	{"ec":0}
idkd	8	{"ec":0}
idkg	8	{"ec":0}
idki	8	{"ec":0}
idkp	8	{"ec":0}
idkr	8	{"ec":0}
idkv	8	{"ec":0}
idkw	8	{"ec":0}
idlb	8	{"ec":0}
idlm	8	{"ec":0}
idlw	8	{"ec":0}
idmb	8	{"ec":0}
idmf	8	{"ec":0}
idmu	8	{"ec":0}
idmw	8	{"ec":0}
idnc	8	{"ec":0}
idnj	8	{"ec":0}
idnl	8	{"ec":0}
idnp	8	{"ec":0}
idnx	8	{"ec":0}
idnz	8	{"ec":0}
idoh	8	{"ec":0}
idoq	8	{"ec":0}
idpb	8	{"ec":0}
idpe	8	{"ec":0}
idph	8	{"ec":0}
idpk	8	{"ec":0}
idpl	8	{"ec":0}
idpm	8	{"ec":0}
idpo	8	{"ec":0}
idpr	8	{"ec":0}
idpu	8	{"ec":0}
idpz	8	{"ec":0}
idqe	8	{"ec":0}
idqf	8	{"ec":0}
idqg	8	{"ec":0}
idql	8	{"ec":0}
idqm	8	{"ec":0}
idqn	8	{"ec":0}
idqs	8	{"ec":0}
idqt	8	{"ec":0}
idqv	8	{"ec":0}
idrb	8	{"ec":0}
idrk	8	{"ec":0}
idrm	8	{"ec":0}
idrq	8	{"ec":0}
idrt	8	{"ec":0}
idrv	8	{"ec":0}
idrw	8	{"ec":0}
idrx	8	{"ec":0}
idry	8	{"ec":0}
idrz	8	{"ec":0}
idte	8	{"ec":0}
idtg	8	{"ec":0}
idtl	8	{"ec":0}
idtm	8	{"ec":0}
idtp	8	{"ec":0}
idtu	8	{"ec":0}
idub	8	{"ec":0}
iduh	8	{"ec":0}
idum	8	{"ec":0}
idup	8	{"ec":0}
iduq	8	{"ec":0}
iduw	8	{"ec":0}
iduy	8	{"ec":0}
idvb	8	{"ec":0}
idvf	8	{"ec":0}
idvg	8	{"ec":0}
idvh	8	{"ec":0}
idvl	8	{"ec":0}
idvm	8	{"ec":0}
idvo	8	{"ec":0}
idvp	8	{"ec":0}
idvq	8	{"ec":0}
idvs	8	{"ec":0}
idvt	8	{"ec":0}
idvu	8	{"ec":0}
idvw	8	{"ec":0}
idvz	8	{"ec":0}
idwb	8	{"ec":0}
idwr	8	{"ec":0}
idws	8	{"ec":0}
idxa	8	{"ec":0}
idxl	8	{"ec":0}
idxq	8	{"ec":0}
idxv	8	{"ec":0}
idyj	8	{"ec":0}
idyn	8	{"ec":0}
idyr	8	{"ec":0}
idyv	8	{"ec":0}
idzf	8	{"ec":0}
idzg	8	{"ec":0}
idzk	8	{"ec":0}
idzr	8	{"ec":0}
idzw	8	{"ec":0}
ieaf	8	{"ec":0}
ieag	8	{"ec":0}
ieaj	8	{"ec":0}
ieaz	8	{"ec":0}
iebc	8	{"ec":0}
iebh	8	{"ec":0}
iebl	8	{"ec":0}
iebp	8	{"ec":0}
iebq	8	{"ec":0}
iebr	8	{"ec":0}
iebt	8	{"ec":0}
iebw	8	{"ec":0}
iebz	8	{"ec":0}
iecr	8	{"ec":0}
iect	8	{"ec":0}
iecu	8	{"ec":0}
iecv	8	{"ec":0}
iedb	8	{"ec":0}
iedc	8	{"ec":0}
iedf	8	{"ec":0}
iedh	8	{"ec":0}
iedj	8	{"ec":0}
iedq	8	{"ec":0}
ieds	8	{"ec":0}
iedv	8	{"ec":0}
iedy	8	{"ec":0}
iedz	8	{"ec":0}
ieeb	8	{"ec":0}
ieed	8	{"ec":0}
ieef	8	{"ec":0}
ieeu	8	{"ec":0}
iefb	8	{"ec":0}
iefl	8	{"ec":0}
iefq	8	{"ec":0}
iefw	8	{"ec":0}
iefy	8	{"ec":0}
iefz	8	{"ec":0}
iega	8	{"ec":0}
iegb	8	{"ec":0}
iegc	8	{"ec":0}
iegf	8	{"ec":0}
iegj	8	{"ec":0}
iegk	8	{"ec":0}
iegl	8	{"ec":0}
iegm	8	{"ec":0}
iegr	8	{"ec":0}
iegs	8	{"ec":0}
iegv	8	{"ec":0}
iegw	8	{"ec":0}
iegx	8	{"ec":0}
iehd	8	{"ec":0}
iehi	8	{"ec":0}
iehl	8	{"ec":0}
ieho	8	{"ec":0}
iehp	8	{"ec":0}
iehq	8	{"ec":0}
iehs	8	{"ec":0}
iehv	8	{"ec":0}
iehz	8	{"ec":0}
iejc	8	{"ec":0}
iejl	8	{"ec":0}
iejm	8	{"ec":0}
iejr	8	{"ec":0}
iejv	8	{"ec":0}
iejw	8	{"ec":0}
iekc	8	{"ec":0}
iekg	8	{"ec":0}
iekl	8	{"ec":0}
iekm	8	{"ec":0}
iekp	8	{"ec":0}
iekq	8	{"ec":0}
iekt	8	{"ec":0}
ieku	8	{"ec":0}
iekv	8	{"ec":0}
ielm	8	{"ec":0}
ielq	8	{"ec":0}
ielu	8	{"ec":0}
ielx	8	{"ec":0}
iemk	8	{"ec":0}
iemn	8	{"ec":0}
iemr	8	{"ec":0}
ienb	8	{"ec":0}
ienh	8	{"ec":0}
ienj	8	{"ec":0}
ienk	8	{"ec":0}
ienl	8	{"ec":0}
ienp	8	{"ec":0}
ieob	8	{"ec":0}
ieof	8	{"ec":0}
ieoj	8	{"ec":0}
ieol	8	{"ec":0}
ieou	8	{"ec":0}
ieox	8	{"ec":0}
iepj	8	{"ec":0}
iepn	8	{"ec":0}
iepo	8	{"ec":0}
iept	8	{"ec":0}
iepw	8	{"ec":0}
iepx	8	{"ec":0}
iepy	8	{"ec":0}
ieqc	8	{"ec":0}
ieqf	8	{"ec":0}
ieqj	8	{"ec":0}
ieqk	8	{"ec":0}
ieql	8	{"ec":0}
ieqp	8	{"ec":0}
ieqr	8	{"ec":0}
ieqs	8	{"ec":0}
ieqt	8	{"ec":0}
iequ	8	{"ec":0}
ieqv	8	{"ec":0}
ieqx	8	{"ec":0}
ieqy	8	{"ec":0}
ieqz	8	{"ec":0}
ierb	8	{"ec":0}
ierk	8	{"ec":0}
ierz	8	{"ec":0}
iesg	8	{"ec":0}
iesr	8	{"ec":0}
ietb	8	{"ec":0}
ietg	8	{"ec":0}
ietl	8	{"ec":0}
ietq	8	{"ec":0}
ietw	8	{"ec":0}
ieua	8	{"ec":0}
ieub	8	{"ec":0}
ieuc	8	{"ec":0}
ieuj	8	{"ec":0}
ieul	8	{"ec":0}
ieum	8	{"ec":0}
ieuq	8	{"ec":0}
ieux	8	{"ec":0}
ieuz	8	{"ec":0}
ievd	8	{"ec":0}
ievh	8	{"ec":0}
ievj	8	{"ec":0}
ievl	8	{"ec":0}
ievm	8	{"ec":0}
ievp	8	{"ec":0}
ievq	8	{"ec":0}
ievt	8	{"ec":0}
ievw	8	{"ec":0}
ievx	8	{"ec":0}
ievy	8	{"ec":0}
ievz	8	{"ec":0}
iewi	8	{"ec":0}
iewn	8	{"ec":0}
iewp	8	{"ec":0}
iewr	8	{"ec":0}
iews	8	{"ec":0}
iexa	8	{"ec":0}
iexg	8	{"ec":0}
iexh	8	{"ec":0}
iexq	8	{"ec":0}
iexr	8	{"ec":0}
iexs	8	{"ec":0}
iexv	8	{"ec":0}
ieyb	8	{"ec":0}
ieyj	8	{"ec":0}
ieyl	8	{"ec":0}
ieym	8	{"ec":0}
ieza	8	{"ec":0}
iezb	8	{"ec":0}
iezc	8	{"ec":0}
ieze	8	{"ec":0}
iezf	8	{"ec":0}
iezg	8	{"ec":0}
iezh	8	{"ec":0}
iezi	8	{"ec":0}
iezj	8	{"ec":0}
iezk	8	{"ec":0}
iezl	8	{"ec":0}
iezm	8	{"ec":0}
iezn	8	{"ec":0}
iezo	8	{"ec":0}
iezp	8	{"ec":0}
iezq	8	{"ec":0}
iezs	8	{"ec":0}
iezt	8	{"ec":0}
iezv	8	{"ec":0}
iezw	8	{"ec":0}
ifag	8	{"ec":0}
ifal	8	{"ec":0}
ifap	8	{"ec":0}
ifbd	8	{"ec":0}
ifbh	8	{"ec":0}
ifbk	8	{"ec":0}
ifbt	8	{"ec":0}
ifbu	8	{"ec":0}
ifbv	8	{"ec":0}
ifbw	8	{"ec":0}
ifbz	8	{"ec":0}
ifcg	8	{"ec":0}
ifco	8	{"ec":0}
ifcq	8	{"ec":0}
ifcr	8	{"ec":0}
ifcu	8	{"ec":0}
ifcv	8	{"ec":0}
ifcx	8	{"ec":0}
ifcz	8	{"ec":0}
ifda	8	{"ec":0}
ifde	8	{"ec":0}
ifdj	8	{"ec":0}
ifdl	8	{"ec":0}
ifdq	8	{"ec":0}
ifdx	8	{"ec":0}
ifdz	8	{"ec":0}
ifeb	8	{"ec":0}
ifep	8	{"ec":0}
ifet	8	{"ec":0}
ifev	8	{"ec":0}
ifez	8	{"ec":0}
iffb	8	{"ec":0}
iffd	8	{"ec":0}
iffh	8	{"ec":0}
iffm	8	{"ec":0}
iffn	8	{"ec":0}
iffq	8	{"ec":0}
iffu	8	{"ec":0}
iffw	8	{"ec":0}
iffx	8	{"ec":0}
ifga	8	{"ec":0}
ifgb	8	{"ec":0}
ifgd	8	{"ec":0}
ifgj	8	{"ec":0}
ifgk	8	{"ec":0}
ifgp	8	{"ec":0}
ifgq	8	{"ec":0}
ifgs	8	{"ec":0}
ifgt	8	{"ec":0}
ifgu	8	{"ec":0}
ifgx	8	{"ec":0}
ifgy	8	{"ec":0}
ifgz	8	{"ec":0}
ifhb	8	{"ec":0}
ifhc	8	{"ec":0}
ifhj	8	{"ec":0}
ifhm	8	{"ec":0}
ifhn	8	{"ec":0}
ifho	8	{"ec":0}
ifhq	8	{"ec":0}
ifhr	8	{"ec":0}
ifhu	8	{"ec":0}
ifhz	8	{"ec":0}
ifib	8	{"ec":0}
ifih	8	{"ec":0}
ifij	8	{"ec":0}
ifip	8	{"ec":0}
ifiw	8	{"ec":0}
ifiz	8	{"ec":0}
ifja	8	{"ec":0}
ifjb	8	{"ec":0}
ifjc	8	{"ec":0}
ifjk	8	{"ec":0}
ifjn	8	{"ec":0}
ifjo	8	{"ec":0}
ifjs	8	{"ec":0}
ifjx	8	{"ec":0}
ifkb	8	{"ec":0}
ifkc	8	{"ec":0}
ifkd	8	{"ec":0}
ifkg	8	{"ec":0}
ifkh	8	{"ec":0}
ifko	8	{"ec":0}
ifkq	8	{"ec":0}
ifkr	8	{"ec":0}
ifks	8	{"ec":0}
ifkt	8	{"ec":0}
ifkw	8	{"ec":0}
ifky	8	{"ec":0}
iflc	8	{"ec":0}
ifld	8	{"ec":0}
iflh	8	{"ec":0}
iflk	8	{"ec":0}
ifln	8	{"ec":0}
iflr	8	{"ec":0}
iflw	8	{"ec":0}
iflz	8	{"ec":0}
ifmh	8	{"ec":0}
ifmk	8	{"ec":0}
ifmp	8	{"ec":0}
ifmr	8	{"ec":0}
ifmv	8	{"ec":0}
ifmw	8	{"ec":0}
ifmz	8	{"ec":0}
ifnb	8	{"ec":0}
ifnc	8	{"ec":0}
ifnd	8	{"ec":0}
ifnf	8	{"ec":0}
ifnh	8	{"ec":0}
ifnk	8	{"ec":0}
ifnm	8	{"ec":0}
ifnr	8	{"ec":0}
ifns	8	{"ec":0}
ifnv	8	{"ec":0}
ifnw	8	{"ec":0}
ifnx	8	{"ec":0}
ifny	8	{"ec":0}
ifoj	8	{"ec":0}
ifom	8	{"ec":0}
ifoz	8	{"ec":0}
ifpb	8	{"ec":0}
ifpf	8	{"ec":0}
ifpk	8	{"ec":0}
ifpo	8	{"ec":0}
ifpr	8	{"ec":0}
ifpt	8	{"ec":0}
ifpu	8	{"ec":0}
ifpw	8	{"ec":0}
ifpx	8	{"ec":0}
ifpy	8	{"ec":0}
ifpz	8	{"ec":0}
ifqa	8	{"ec":0}
ifqb	8	{"ec":0}
ifqe	8	{"ec":0}
ifqf	8	{"ec":0}
ifqg	8	{"ec":0}
ifqh	8	{"ec":0}
ifqj	8	{"ec":0}
ifql	8	{"ec":0}
ifqo	8	{"ec":0}
ifqp	8	{"ec":0}
ifqr	8	{"ec":0}
ifqs	8	{"ec":0}
ifqt	8	{"ec":0}
ifqu	8	{"ec":0}
ifqx	8	{"ec":0}
ifqz	8	{"ec":0}
ifrb	8	{"ec":0}
ifrd	8	{"ec":0}
ifrh	8	{"ec":0}
ifrj	8	{"ec":0}
ifrk	8	{"ec":0}
ifrm	8	{"ec":0}
ifro	8	{"ec":0}
ifrp	8	{"ec":0}
ifrq	8	{"ec":0}
ifrv	8	{"ec":0}
ifrx	8	{"ec":0}
ifry	8	{"ec":0}
ifrz	8	{"ec":0}
ifse	8	{"ec":0}
ifsl	8	{"ec":0}
ifsn	8	{"ec":0}
ifsq	8	{"ec":0}
ifsr	8	{"ec":0}
ifsv	8	{"ec":0}
ifsw	8	{"ec":0}
ifsx	8	{"ec":0}
ifth	8	{"ec":0}
iftj	8	{"ec":0}
iftl	8	{"ec":0}
iftm	8	{"ec":0}
iftp	8	{"ec":0}
iftq	8	{"ec":0}
iftu	8	{"ec":0}
iftw	8	{"ec":0}
ifty	8	{"ec":0}
iftz	8	{"ec":0}
ifua	8	{"ec":0}
ifue	8	{"ec":0}
ifur	8	{"ec":0}
ifut	8	{"ec":0}
ifuv	8	{"ec":0}
ifux	8	{"ec":0}
ifvf	8	{"ec":0}
ifvg	8	{"ec":0}
ifvj	8	{"ec":0}
ifvq	8	{"ec":0}
ifvr	8	{"ec":0}
ifvs	8	{"ec":0}
ifvt	8	{"ec":0}
ifvw	8	{"ec":0}
ifvz	8	{"ec":0}
ifwc	8	{"ec":0}
ifwf	8	{"ec":0}
ifwi	8	{"ec":0}
ifwk	8	{"ec":0}
ifwp	8	{"ec":0}
ifwt	8	{"ec":0}
ifwv	8	{"ec":0}
ifxb	8	{"ec":0}
ifxd	8	{"ec":0}
ifxe	8	{"ec":0}
ifxf	8	{"ec":0}
ifxo	8	{"ec":0}
ifxp	8	{"ec":0}
ifxs	8	{"ec":0}
ifxt	8	{"ec":0}
ifxv	8	{"ec":0}
ifxw	8	{"ec":0}
ifxx	8	{"ec":0}
ifxz	8	{"ec":0}
ifyc	8	{"ec":0}
ifyj	8	{"ec":0}
ifyn	8	{"ec":0}
ifyt	8	{"ec":0}
ifza	8	{"ec":0}
ifzc	8	{"ec":0}
ifzd	8	{"ec":0}
ifze	8	{"ec":0}
ifzg	8	{"ec":0}
ifzn	8	{"ec":0}
ifzo	8	{"ec":0}
ifzr	8	{"ec":0}
ifzt	8	{"ec":0}
igac	8	{"ec":0}
igad	8	{"ec":0}
igae	8	{"ec":0}
igaf	8	{"ec":0}
igah	8	{"ec":0}
igak	8	{"ec":0}
igap	8	{"ec":0}
igaq	8	{"ec":0}
igas	8	{"ec":0}
igat	8	{"ec":0}
igav	8	{"ec":0}
igax	8	{"ec":0}
igbc	8	{"ec":0}
igbd	8	{"ec":0}
igbe	8	{"ec":0}
igbf	8	{"ec":0}
igbl	8	{"ec":0}
igbo	8	{"ec":0}
igbp	8	{"ec":0}
igbq	8	{"ec":0}
igbr	8	{"ec":0}
igbu	8	{"ec":0}
igbv	8	{"ec":0}
igbw	8	{"ec":0}
igbz	8	{"ec":0}
igca	8	{"ec":0}
igcb	8	{"ec":0}
igcf	8	{"ec":0}
igcg	8	{"ec":0}
igci	8	{"ec":0}
igcj	8	{"ec":0}
igco	8	{"ec":0}
igcp	8	{"ec":0}
igcq	8	{"ec":0}
igcr	8	{"ec":0}
igcu	8	{"ec":0}
igcv	8	{"ec":0}
igcx	8	{"ec":0}
igda	8	{"ec":0}
igdd	8	{"ec":0}
igde	8	{"ec":0}
igdh	8	{"ec":0}
igdk	8	{"ec":0}
igdo	8	{"ec":0}
igdp	8	{"ec":0}
igdr	8	{"ec":0}
igdx	8	{"ec":0}
igeb	8	{"ec":0}
igef	8	{"ec":0}
igeq	8	{"ec":0}
igeu	8	{"ec":0}
igew	8	{"ec":0}
igfc	8	{"ec":0}
igfe	8	{"ec":0}
igfn	8	{"ec":0}
igfo	8	{"ec":0}
igfp	8	{"ec":0}
igfq	8	{"ec":0}
igfs	8	{"ec":0}
igfu	8	{"ec":0}
igfw	8	{"ec":0}
igfy	8	{"ec":0}
iggb	8	{"ec":0}
iggj	8	{"ec":0}
iggl	8	{"ec":0}
iggm	8	{"ec":0}
iggr	8	{"ec":0}
igha	8	{"ec":0}
ighd	8	{"ec":0}
ighe	8	{"ec":0}
ighf	8	{"ec":0}
ighg	8	{"ec":0}
ighk	8	{"ec":0}
ighm	8	{"ec":0}
ighp	8	{"ec":0}
ighs	8	{"ec":0}
ighv	8	{"ec":0}
ighw	8	{"ec":0}
ighx	8	{"ec":0}
ighz	8	{"ec":0}
igib	8	{"ec":0}
igie	8	{"ec":0}
igim	8	{"ec":0}
igiq	8	{"ec":0}
igir	8	{"ec":0}
igix	8	{"ec":0}
igiy	8	{"ec":0}
igiz	8	{"ec":0}
igjb	8	{"ec":0}
igjc	8	{"ec":0}
igjf	8	{"ec":0}
igjn	8	{"ec":0}
igjo	8	{"ec":0}
igjt	8	{"ec":0}
igju	8	{"ec":0}
igjv	8	{"ec":0}
igjz	8	{"ec":0}
igkb	8	{"ec":0}
igkc	8	{"ec":0}
igke	8	{"ec":0}
igkf	8	{"ec":0}
igkg	8	{"ec":0}
igko	8	{"ec":0}
igkp	8	{"ec":0}
igkr	8	{"ec":0}
igkt	8	{"ec":0}
igku	8	{"ec":0}
igkv	8	{"ec":0}
igkw	8	{"ec":0}
igkx	8	{"ec":0}
igld	8	{"ec":0}
iglh	8	{"ec":0}
igli	8	{"ec":0}
iglj	8	{"ec":0}
igln	8	{"ec":0}
iglo	8	{"ec":0}
iglq	8	{"ec":0}
iglt	8	{"ec":0}
iglu	8	{"ec":0}
iglx	8	{"ec":0}
iglz	8	{"ec":0}
igma	8	{"ec":0}
igmb	8	{"ec":0}
igmd	8	{"ec":0}
igmf	8	{"ec":0}
igmg	8	{"ec":0}
igmi	8	{"ec":0}
igmj	8	{"ec":0}
igmk	8	{"ec":0}
igmo	8	{"ec":0}
igmr	8	{"ec":0}
igmu	8	{"ec":0}
igmv	8	{"ec":0}
igmz	8	{"ec":0}
ignb	8	{"ec":0}
igne	8	{"ec":0}
ignh	8	{"ec":0}
ignj	8	{"ec":0}
ignm	8	{"ec":0}
ignp	8	{"ec":0}
ignq	8	{"ec":0}
ignt	8	{"ec":0}
ignv	8	{"ec":0}
ignw	8	{"ec":0}
igny	8	{"ec":0}
igoa	8	{"ec":0}
igof	8	{"ec":0}
igok	8	{"ec":0}
igom	8	{"ec":0}
igop	8	{"ec":0}
igoq	8	{"ec":0}
igpb	8	{"ec":0}
igpe	8	{"ec":0}
igpg	8	{"ec":0}
igpi	8	{"ec":0}
igpj	8	{"ec":0}
igpo	8	{"ec":0}
igpp	8	{"ec":0}
igpq	8	{"ec":0}
igpr	8	{"ec":0}
igpv	8	{"ec":0}
igpw	8	{"ec":0}
igpx	8	{"ec":0}
igpz	8	{"ec":0}
igqa	8	{"ec":0}
igqb	8	{"ec":0}
igqe	8	{"ec":0}
igqf	8	{"ec":0}
igqg	8	{"ec":0}
igqh	8	{"ec":0}
igqk	8	{"ec":0}
igql	8	{"ec":0}
igqm	8	{"ec":0}
igqn	8	{"ec":0}
igqp	8	{"ec":0}
igqr	8	{"ec":0}
igqs	8	{"ec":0}
igqt	8	{"ec":0}
igqu	8	{"ec":0}
igqv	8	{"ec":0}
igqx	8	{"ec":0}
igqy	8	{"ec":0}
igqz	8	{"ec":0}
igrb	8	{"ec":0}
igrc	8	{"ec":0}
igrd	8	{"ec":0}
igre	8	{"ec":0}
igrf	8	{"ec":0}
igrj	8	{"ec":0}
igrk	8	{"ec":0}
igrn	8	{"ec":0}
igrq	8	{"ec":0}
igrt	8	{"ec":0}
igru	8	{"ec":0}
igrv	8	{"ec":0}
igrw	8	{"ec":0}
igrx	8	{"ec":0}
igsc	8	{"ec":0}
igsd	8	{"ec":0}
igse	8	{"ec":0}
igsg	8	{"ec":0}
igsh	8	{"ec":0}
igsj	8	{"ec":0}
igsv	8	{"ec":0}
igsx	8	{"ec":0}
igta	8	{"ec":0}
igte	8	{"ec":0}
igtf	8	{"ec":0}
igti	8	{"ec":0}
igtn	8	{"ec":0}
igtq	8	{"ec":0}
igty	8	{"ec":0}
igtz	8	{"ec":0}
iguc	8	{"ec":0}
igud	8	{"ec":0}
igue	8	{"ec":0}
iguk	8	{"ec":0}
igul	8	{"ec":0}
iguq	8	{"ec":0}
igut	8	{"ec":0}
iguv	8	{"ec":0}
iguw	8	{"ec":0}
igux	8	{"ec":0}
iguz	8	{"ec":0}
igvb	8	{"ec":0}
igvc	8	{"ec":0}
igvd	8	{"ec":0}
igve	8	{"ec":0}
igvf	8	{"ec":0}
igvg	8	{"ec":0}
igvi	8	{"ec":0}
igvm	8	{"ec":0}
igvn	8	{"ec":0}
igvq	8	{"ec":0}
igvr	8	{"ec":0}
igvs	8	{"ec":0}
igvt	8	{"ec":0}
igvv	8	{"ec":0}
igvw	8	{"ec":0}
igvx	8	{"ec":0}
igvz	8	{"ec":0}
igwa	8	{"ec":0}
igwd	8	{"ec":0}
igwg	8	{"ec":0}
igwh	8	{"ec":0}
igwi	8	{"ec":0}
igwk	8	{"ec":0}
igwn	8	{"ec":0}
igwp	8	{"ec":0}
igws	8	{"ec":0}
igxb	8	{"ec":0}
igxe	8	{"ec":0}
igxn	8	{"ec":0}
igxq	8	{"ec":0}
igxr	8	{"ec":0}
igxu	8	{"ec":0}
igxv	8	{"ec":0}
igyb	8	{"ec":0}
igye	8	{"ec":0}
igyj	8	{"ec":0}
igyq	8	{"ec":0}
igza	8	{"ec":0}
igze	8	{"ec":0}
igzf	8	{"ec":0}
igzj	8	{"ec":0}
igzm	8	{"ec":0}
igzn	8	{"ec":0}
igzo	8	{"ec":0}
igzq	8	{"ec":0}
igzt	8	{"ec":0}
igzw	8	{"ec":0}
ihah	8	{"ec":0}
ihav	8	{"ec":0}
ihax	8	{"ec":0}
ihbc	8	{"ec":0}
ihbf	8	{"ec":0}
ihbl	8	{"ec":0}
ihbn	8	{"ec":0}
ihbr	8	{"ec":0}
ihbt	8	{"ec":0}
ihbw	8	{"ec":0}
ihca	8	{"ec":0}
ihcb	8	{"ec":0}
ihce	8	{"ec":0}
ihcf	8	{"ec":0}
ihcj	8	{"ec":0}
ihck	8	{"ec":0}
ihcr	8	{"ec":0}
ihcu	8	{"ec":0}
ihcw	8	{"ec":0}
ihcz	8	{"ec":0}
ihdh	8	{"ec":0}
ihdk	8	{"ec":0}
ihdt	8	{"ec":0}
ihdv	8	{"ec":0}
ihdy	8	{"ec":0}
ihdz	8	{"ec":0}
ihed	8	{"ec":0}
iheh	8	{"ec":0}
ihej	8	{"ec":0}
ihek	8	{"ec":0}
ihem	8	{"ec":0}
iheo	8	{"ec":0}
ihev	8	{"ec":0}
ihew	8	{"ec":0}
ihfa	8	{"ec":0}
ihfn	8	{"ec":0}
ihfp	8	{"ec":0}
ihfr	8	{"ec":0}
ihfz	8	{"ec":0}
ihgb	8	{"ec":0}
ihgc	8	{"ec":0}
ihge	8	{"ec":0}
ihgf	8	{"ec":0}
ihgl	8	{"ec":0}
ihgm	8	{"ec":0}
ihgp	8	{"ec":0}
ihgq	8	{"ec":0}
ihgx	8	{"ec":0}
ihgz	8	{"ec":0}
ihhe	8	{"ec":0}
ihhf	8	{"ec":0}
ihhv	8	{"ec":0}
ihie	8	{"ec":0}
ihil	8	{"ec":0}
ihiw	8	{"ec":0}
ihix	8	{"ec":0}
ihja	8	{"ec":0}
ihjb	8	{"ec":0}
ihjw	8	{"ec":0}
ihkg	8	{"ec":0}
ihki	8	{"ec":0}
ihkl	8	{"ec":0}
ihko	8	{"ec":0}
ihkq	8	{"ec":0}
ihkr	8	{"ec":0}
ihkw	8	{"ec":0}
ihky	8	{"ec":0}
ihkz	8	{"ec":0}
ihlb	8	{"ec":0}
ihln	8	{"ec":0}
ihlo	8	{"ec":0}
ihls	8	{"ec":0}
ihlx	8	{"ec":0}
ihlz	8	{"ec":0}
ihmf	8	{"ec":0}
ihmg	8	{"ec":0}
ihmn	8	{"ec":0}
ihmo	8	{"ec":0}
ihmv	8	{"ec":0}
ihmw	8	{"ec":0}
ihmy	8	{"ec":0}
ihmz	8	{"ec":0}
ihne	8	{"ec":0}
ihnh	8	{"ec":0}
ihnj	8	{"ec":0}
ihnp	8	{"ec":0}
ihnr	8	{"ec":0}
ihnt	8	{"ec":0}
ihnx	8	{"ec":0}
ihoa	8	{"ec":0}
ihof	8	{"ec":0}
ihog	8	{"ec":0}
ihoj	8	{"ec":0}
ihoq	8	{"ec":0}
ihoz	8	{"ec":0}
ihpb	8	{"ec":0}
ihpd	8	{"ec":0}
ihpe	8	{"ec":0}
ihpi	8	{"ec":0}
ihpk	8	{"ec":0}
ihpq	8	{"ec":0}
ihpr	8	{"ec":0}
ihpu	8	{"ec":0}
ihpv	8	{"ec":0}
ihpw	8	{"ec":0}
ihpz	8	{"ec":0}
ihqa	8	{"ec":0}
ihqe	8	{"ec":0}
ihqh	8	{"ec":0}
ihqk	8	{"ec":0}
ihqo	8	{"ec":0}
ihqr	8	{"ec":0}
ihqu	8	{"ec":0}
ihqv	8	{"ec":0}
ihqx	8	{"ec":0}
ihqz	8	{"ec":0}
ihrb	8	{"ec":0}
ihrc	8	{"ec":0}
ihrd	8	{"ec":0}
ihrg	8	{"ec":0}
ihrh	8	{"ec":0}
ihrj	8	{"ec":0}
ihrk	8	{"ec":0}
ihrl	8	{"ec":0}
ihro	8	{"ec":0}
ihrp	8	{"ec":0}
ihrq	8	{"ec":0}
ihrw	8	{"ec":0}
ihrz	8	{"ec":0}
ihsd	8	{"ec":0}
ihsg	8	{"ec":0}
ihsp	8	{"ec":0}
ihsu	8	{"ec":0}
ihsz	8	{"ec":0}
ihta	8	{"ec":0}
ihtd	8	{"ec":0}
ihtj	8	{"ec":0}
ihtn	8	{"ec":0}
ihtq	8	{"ec":0}
ihtr	8	{"ec":0}
ihtu	8	{"ec":0}
ihtw	8	{"ec":0}
ihtz	8	{"ec":0}
ihue	8	{"ec":0}
ihup	8	{"ec":0}
ihuq	8	{"ec":0}
ihur	8	{"ec":0}
ihuv	8	{"ec":0}
ihuw	8	{"ec":0}
ihuz	8	{"ec":0}
ihvb	8	{"ec":0}
ihvf	8	{"ec":0}
ihvj	8	{"ec":0}
ihvl	8	{"ec":0}
ihvm	8	{"ec":0}
ihvq	8	{"ec":0}
ihvr	8	{"ec":0}
ihvw	8	{"ec":0}
ihvx	8	{"ec":0}
ihvz	8	{"ec":0}
ihwe	8	{"ec":0}
ihwh	8	{"ec":0}
ihwi	8	{"ec":0}
ihwk	8	{"ec":0}
ihwo	8	{"ec":0}
ihwr	8	{"ec":0}
ihwt	8	{"ec":0}
ihwy	8	{"ec":0}
ihxe	8	{"ec":0}
ihxo	8	{"ec":0}
ihxu	8	{"ec":0}
ihya	8	{"ec":0}
ihye	8	{"ec":0}
ihyr	8	{"ec":0}
ihyt	8	{"ec":0}
ihza	8	{"ec":0}
ihze	8	{"ec":0}
ihzn	8	{"ec":0}
ihzo	8	{"ec":0}
ihzs	8	{"ec":0}
ihzu	8	{"ec":0}
iibh	8	{"ec":0}
iibp	8	{"ec":0}
iibq	8	{"ec":0}
iibw	8	{"ec":0}
iiej	8	{"ec":0}
iiex	8	{"ec":0}
iifd	8	{"ec":0}
iifh	8	{"ec":0}
iifk	8	{"ec":0}
iifm	8	{"ec":0}
iifq	8	{"ec":0}
iihr	8	{"ec":0}
iijb	8	{"ec":0}
iijf	8	{"ec":0}
iijp	8	{"ec":0}
iijq	8	{"ec":0}
iiky	8	{"ec":0}
iimz	8	{"ec":0}
iinr	8	{"ec":0}
iiqf	8	{"ec":0}
iiqg	8	{"ec":0}
iiqm	8	{"ec":0}
iird	8	{"ec":0}
iirp	8	{"ec":0}
iitd	8	{"ec":0}
iiup	8	{"ec":0}
iivk	8	{"ec":0}
iixb	8	{"ec":0}
iiym	8	{"ec":0}
iiyq	8	{"ec":0}
ijac	8	{"ec":0}
ijag	8	{"ec":0}
ijai	8	{"ec":0}
ijaj	8	{"ec":0}
ijap	8	{"ec":0}
ijaq	8	{"ec":0}
ijar	8	{"ec":0}
ijav	8	{"ec":0}
ijax	8	{"ec":0}
ijbd	8	{"ec":0}
ijbg	8	{"ec":0}
ijbl	8	{"ec":0}
ijbn	8	{"ec":0}
ijbo	8	{"ec":0}
ijbp	8	{"ec":0}
ijbq	8	{"ec":0}
ijbr	8	{"ec":0}
ijbt	8	{"ec":0}
ijbw	8	{"ec":0}
ijby	8	{"ec":0}
ijbz	8	{"ec":0}
ijca	8	{"ec":0}
ijcb	8	{"ec":0}
ijce	8	{"ec":0}
ijcg	8	{"ec":0}
ijch	8	{"ec":0}
ijck	8	{"ec":0}
ijco	8	{"ec":0}
ijcp	8	{"ec":0}
ijcs	8	{"ec":0}
ijct	8	{"ec":0}
ijcu	8	{"ec":0}
ijdc	8	{"ec":0}
ijde	8	{"ec":0}
ijdh	8	{"ec":0}
ijdj	8	{"ec":0}
ijdn	8	{"ec":0}
ijdo	8	{"ec":0}
ijdp	8	{"ec":0}
ijdr	8	{"ec":0}
ijdu	8	{"ec":0}
ijdv	8	{"ec":0}
ijdz	8	{"ec":0}
ijea	8	{"ec":0}
ijec	8	{"ec":0}
ijed	8	{"ec":0}
ijee	8	{"ec":0}
ijeg	8	{"ec":0}
ijeq	8	{"ec":0}
ijev	8	{"ec":0}
ijew	8	{"ec":0}
ijez	8	{"ec":0}
ijfh	8	{"ec":0}
ijfj	8	{"ec":0}
ijfk	8	{"ec":0}
ijfo	8	{"ec":0}
ijfp	8	{"ec":0}
ijfq	8	{"ec":0}
ijfs	8	{"ec":0}
ijfw	8	{"ec":0}
ijfz	8	{"ec":0}
ijgb	8	{"ec":0}
ijgc	42	{"ec":9,"em":"email&nbsp;bind&nbsp;error"}
ijge	8	{"ec":0}
ijgi	8	{"ec":0}
ijgm	8	{"ec":0}
ijgo	8	{"ec":0}
ijgq	8	{"ec":0}
ijgt	8	{"ec":0}
ijgu	8	{"ec":0}
ijgv	8	{"ec":0}
ijgx	8	{"ec":0}
ijgy	8	{"ec":0}
ijhb	8	{"ec":0}
ijhc	8	{"ec":0}
ijhe	8	{"ec":0}
ijho	8	{"ec":0}
ijhr	8	{"ec":0}
ijhs	8	{"ec":0}
ijht	8	{"ec":0}
ijhw	8	{"ec":0}
ijhx	8	{"ec":0}
ijhz	8	{"ec":0}
ijid	8	{"ec":0}
ijif	8	{"ec":0}
ijiq	8	{"ec":0}
ijiw	8	{"ec":0}
ijjb	8	{"ec":0}
ijjc	8	{"ec":0}
ijjg	8	{"ec":0}
ijjp	8	{"ec":0}
ijjq	8	{"ec":0}
ijjr	8	{"ec":0}
ijjz	8	{"ec":0}
ijkd	8	{"ec":0}
ijkq	8	{"ec":0}
ijkv	8	{"ec":0}
ijky	8	{"ec":0}
ijlg	8	{"ec":0}
ijlh	8	{"ec":0}
ijlq	8	{"ec":0}
ijlr	8	{"ec":0}
ijlx	8	{"ec":0}
ijmb	8	{"ec":0}
ijmc	8	{"ec":0}
ijmd	8	{"ec":0}
ijmi	8	{"ec":0}
ijmq	8	{"ec":0}
ijmr	8	{"ec":0}
ijmu	8	{"ec":0}
ijmv	8	{"ec":0}
ijmw	8	{"ec":0}
ijmx	8	{"ec":0}
ijmy	8	{"ec":0}
ijnc	8	{"ec":0}
ijnf	8	{"ec":0}
ijnj	8	{"ec":0}
ijnt	8	{"ec":0}
ijnx	8	{"ec":0}
ijoa	8	{"ec":0}
ijod	8	{"ec":0}
ijof	8	{"ec":0}
ijos	8	{"ec":0}
ijov	8	{"ec":0}
ijox	8	{"ec":0}
ijpa	8	{"ec":0}
ijpb	8	{"ec":0}
ijpc	8	{"ec":0}
ijpd	8	{"ec":0}
ijpe	8	{"ec":0}
ijpm	8	{"ec":0}
ijpn	8	{"ec":0}
ijpq	8	{"ec":0}
ijpr	8	{"ec":0}
ijps	8	{"ec":0}
ijpt	8	{"ec":0}
ijpw	8	{"ec":0}
ijpx	8	{"ec":0}
ijqa	8	{"ec":0}
ijqb	8	{"ec":0}
ijqc	8	{"ec":0}
ijqe	8	{"ec":0}
ijqg	8	{"ec":0}
ijqk	8	{"ec":0}
ijql	8	{"ec":0}
ijqn	8	{"ec":0}
ijqo	8	{"ec":0}
ijqp	8	{"ec":0}
ijqs	8	{"ec":0}
ijqu	8	{"ec":0}
ijqz	8	{"ec":0}
ijra	8	{"ec":0}
ijrb	8	{"ec":0}
ijre	8	{"ec":0}
ijrg	8	{"ec":0}
ijri	8	{"ec":0}
ijrk	8	{"ec":0}
ijrn	8	{"ec":0}
ijro	8	{"ec":0}
ijrp	8	{"ec":0}
ijrs	8	{"ec":0}
ijrx	8	{"ec":0}
ijrz	8	{"ec":0}
ijsa	8	{"ec":0}
ijsf	8	{"ec":0}
ijsi	8	{"ec":0}
ijso	8	{"ec":0}
ijsr	8	{"ec":0}
ijst	8	{"ec":0}
ijsu	8	{"ec":0}
ijsv	8	{"ec":0}
ijsx	8	{"ec":0}
ijta	8	{"ec":0}
ijtb	8	{"ec":0}
ijtd	8	{"ec":0}
ijtf	8	{"ec":0}
ijth	8	{"ec":0}
ijti	8	{"ec":0}
ijtj	8	{"ec":0}
ijtk	8	{"ec":0}
ijtn	8	{"ec":0}
ijto	8	{"ec":0}
ijtq	8	{"ec":0}
ijts	8	{"ec":0}
ijtu	8	{"ec":0}
ijtw	8	{"ec":0}
ijtz	8	{"ec":0}
ijub	8	{"ec":0}
ijuc	8	{"ec":0}
ijud	8	{"ec":0}
ijug	8	{"ec":0}
ijuo	8	{"ec":0}
ijup	8	{"ec":0}
ijuq	8	{"ec":0}
ijus	8	{"ec":0}
ijux	8	{"ec":0}
ijvc	8	{"ec":0}
ijve	8	{"ec":0}
ijvg	8	{"ec":0}
ijvh	8	{"ec":0}
ijvi	8	{"ec":0}
ijvk	8	{"ec":0}
ijvm	8	{"ec":0}
ijvn	8	{"ec":0}
ijvo	8	{"ec":0}
ijvr	8	{"ec":0}
ijvu	8	{"ec":0}
ijvx	8	{"ec":0}
ijvy	8	{"ec":0}
ijwa	8	{"ec":0}
ijwb	8	{"ec":0}
ijwc	8	{"ec":0}
ijwg	8	{"ec":0}
ijwh	8	{"ec":0}
ijwm	8	{"ec":0}
ijwn	8	{"ec":0}
ijwo	8	{"ec":0}
ijwr	8	{"ec":0}
ijws	8	{"ec":0}
ijwt	8	{"ec":0}
ijwv	8	{"ec":0}
ijwz	8	{"ec":0}
ijxa	8	{"ec":0}
ijxc	8	{"ec":0}
ijxd	8	{"ec":0}
ijxe	8	{"ec":0}
ijxg	8	{"ec":0}
ijxh	8	{"ec":0}
ijxm	8	{"ec":0}
ijxn	8	{"ec":0}
ijxo	8	{"ec":0}
ijxp	8	{"ec":0}
ijxq	8	{"ec":0}
ijxt	8	{"ec":0}
ijyb	8	{"ec":0}
ijyd	8	{"ec":0}
ijyk	8	{"ec":0}
ijym	8	{"ec":0}
ijyo	8	{"ec":0}
ijyv	8	{"ec":0}
ijyw	8	{"ec":0}
ijzb	8	{"ec":0}
ijzc	8	{"ec":0}
ijze	8	{"ec":0}
ijzg	8	{"ec":0}
ijzi	8	{"ec":0}
ijzk	8	{"ec":0}
ijzl	8	{"ec":0}
ijzn	8	{"ec":0}
ijzo	8	{"ec":0}
ijzp	8	{"ec":0}
ijzq	8	{"ec":0}
ijzs	8	{"ec":0}
ijzt	8	{"ec":0}
ijzu	8	{"ec":0}
ijzv	8	{"ec":0}
ijzw	8	{"ec":0}
ijzx	8	{"ec":0}
ikad	8	{"ec":0}
ikaf	8	{"ec":0}
ikag	8	{"ec":0}
ikah	8	{"ec":0}
ikap	8	{"ec":0}
ikaq	8	{"ec":0}
ikat	8	{"ec":0}
ikbd	8	{"ec":0}
ikbg	8	{"ec":0}
ikbh	8	{"ec":0}
ikbi	8	{"ec":0}
ikbl	8	{"ec":0}
ikbm	8	{"ec":0}
ikbn	8	{"ec":0}
ikbp	8	{"ec":0}
ikbq	8	{"ec":0}
ikbr	8	{"ec":0}
ikbw	8	{"ec":0}
ikbz	8	{"ec":0}
ikcb	8	{"ec":0}
ikcd	8	{"ec":0}
ikcg	8	{"ec":0}
ikci	8	{"ec":0}
ikcj	8	{"ec":0}
ikcl	8	{"ec":0}
ikcp	8	{"ec":0}
ikcq	8	{"ec":0}
ikcs	8	{"ec":0}
ikct	8	{"ec":0}
ikcv	8	{"ec":0}
ikcw	8	{"ec":0}
ikdb	8	{"ec":0}
ikdg	8	{"ec":0}
ikdi	8	{"ec":0}
ikdo	8	{"ec":0}
ikdt	8	{"ec":0}
ikdw	8	{"ec":0}
ikdx	8	{"ec":0}
ikeb	8	{"ec":0}
ikej	8	{"ec":0}
ikew	8	{"ec":0}
ikfa	8	{"ec":0}
ikfb	8	{"ec":0}
ikfd	8	{"ec":0}
ikfe	8	{"ec":0}
ikfh	8	{"ec":0}
ikfm	8	{"ec":0}
ikfn	8	{"ec":0}
ikfp	8	{"ec":0}
ikfq	8	{"ec":0}
ikfr	8	{"ec":0}
ikfs	8	{"ec":0}
ikft	8	{"ec":0}
ikfu	8	{"ec":0}
ikfv	8	{"ec":0}
ikfy	8	{"ec":0}
ikfz	8	{"ec":0}
ikga	8	{"ec":0}
ikgc	8	{"ec":0}
ikge	8	{"ec":0}
ikgj	8	{"ec":0}
ikgm	8	{"ec":0}
ikgn	8	{"ec":0}
ikgp	8	{"ec":0}
ikgr	8	{"ec":0}
ikgs	8	{"ec":0}
ikgt	8	{"ec":0}
ikgu	8	{"ec":0}
ikgw	8	{"ec":0}
ikgx	8	{"ec":0}
ikgz	8	{"ec":0}
ikhd	8	{"ec":0}
ikhf	8	{"ec":0}
ikhn	8	{"ec":0}
ikho	8	{"ec":0}
ikhp	8	{"ec":0}
ikhr	8	{"ec":0}
ikht	8	{"ec":0}
ikhv	8	{"ec":0}
ikhw	8	{"ec":0}
ikhz	8	{"ec":0}
ikiq	8	{"ec":0}
ikir	8	{"ec":0}
ikja	8	{"ec":0}
ikjb	8	{"ec":0}
ikjd	8	{"ec":0}
ikje	8	{"ec":0}
ikjm	8	{"ec":0}
ikjq	8	{"ec":0}
ikjr	8	{"ec":0}
ikjs	8	{"ec":0}
ikjw	8	{"ec":0}
ikjz	8	{"ec":0}
ikkb	8	{"ec":0}
ikkf	8	{"ec":0}
ikkq	8	{"ec":0}
ikkr	8	{"ec":0}
ikkv	8	{"ec":0}
ikkx	8	{"ec":0}
iklb	8	{"ec":0}
ikld	8	{"ec":0}
iklf	8	{"ec":0}
iklw	8	{"ec":0}
iklx	8	{"ec":0}
ikma	8	{"ec":0}
ikmc	8	{"ec":0}
ikmd	8	{"ec":0}
ikmg	8	{"ec":0}
ikmh	8	{"ec":0}
ikmm	8	{"ec":0}
ikmq	8	{"ec":0}
ikmr	8	{"ec":0}
ikmu	8	{"ec":0}
ikmw	8	{"ec":0}
ikmy	8	{"ec":0}
iknj	8	{"ec":0}
iknl	8	{"ec":0}
iknt	8	{"ec":0}
iknu	8	{"ec":0}
iknx	8	{"ec":0}
ikny	8	{"ec":0}
iknz	8	{"ec":0}
ikod	8	{"ec":0}
ikoe	8	{"ec":0}
ikog	8	{"ec":0}
ikot	8	{"ec":0}
ikpa	8	{"ec":0}
ikpc	8	{"ec":0}
ikpd	8	{"ec":0}
ikpe	8	{"ec":0}
ikpf	8	{"ec":0}
ikpg	8	{"ec":0}
ikph	8	{"ec":0}
ikpi	8	{"ec":0}
ikpj	8	{"ec":0}
ikpm	8	{"ec":0}
ikpn	8	{"ec":0}
ikpq	8	{"ec":0}
ikpr	8	{"ec":0}
ikpt	8	{"ec":0}
ikpu	8	{"ec":0}
ikpv	8	{"ec":0}
ikpz	8	{"ec":0}
ikqb	8	{"ec":0}
ikqe	8	{"ec":0}
ikqf	8	{"ec":0}
ikqh	8	{"ec":0}
ikqi	8	{"ec":0}
ikqj	8	{"ec":0}
ikql	8	{"ec":0}
ikqm	8	{"ec":0}
ikqn	8	{"ec":0}
ikqo	8	{"ec":0}
ikqp	8	{"ec":0}
ikqt	8	{"ec":0}
ikqu	8	{"ec":0}
ikqx	8	{"ec":0}
ikqy	8	{"ec":0}
ikra	8	{"ec":0}
ikrd	8	{"ec":0}
ikrf	8	{"ec":0}
ikrh	8	{"ec":0}
ikrj	8	{"ec":0}
ikrl	8	{"ec":0}
ikrm	8	{"ec":0}
ikrp	8	{"ec":0}
ikrq	8	{"ec":0}
ikrt	8	{"ec":0}
ikrw	8	{"ec":0}
ikrx	8	{"ec":0}
ikrz	8	{"ec":0}
iksd	8	{"ec":0}
iksk	8	{"ec":0}
iksl	8	{"ec":0}
iksn	8	{"ec":0}
iksv	8	{"ec":0}
iksw	8	{"ec":0}
iktb	8	{"ec":0}
iktf	8	{"ec":0}
ikth	8	{"ec":0}
iktj	8	{"ec":0}
iktk	8	{"ec":0}
iktl	8	{"ec":0}
iktm	8	{"ec":0}
ikto	8	{"ec":0}
iktq	8	{"ec":0}
iktw	8	{"ec":0}
iktz	8	{"ec":0}
ikuc	8	{"ec":0}
ikuf	8	{"ec":0}
ikum	8	{"ec":0}
ikut	8	{"ec":0}
ikuv	8	{"ec":0}
ikva	8	{"ec":0}
ikvc	8	{"ec":0}
ikvf	8	{"ec":0}
ikvj	8	{"ec":0}
ikvk	8	{"ec":0}
ikvl	8	{"ec":0}
ikvm	8	{"ec":0}
ikvp	8	{"ec":0}
ikvr	8	{"ec":0}
ikvt	8	{"ec":0}
ikvu	8	{"ec":0}
ikvy	8	{"ec":0}
ikwa	8	{"ec":0}
ikwb	8	{"ec":0}
ikwc	8	{"ec":0}
ikwd	8	{"ec":0}
ikwe	8	{"ec":0}
ikwf	8	{"ec":0}
ikwg	8	{"ec":0}
ikwi	8	{"ec":0}
ikwj	8	{"ec":0}
ikwn	8	{"ec":0}
ikwr	8	{"ec":0}
ikwu	8	{"ec":0}
ikwv	8	{"ec":0}
ikwx	8	{"ec":0}
ikwz	8	{"ec":0}
ikxe	8	{"ec":0}
ikxj	8	{"ec":0}
ikxk	8	{"ec":0}
ikxl	8	{"ec":0}
ikxm	8	{"ec":0}
ikxn	8	{"ec":0}
ikxr	8	{"ec":0}
ikxt	8	{"ec":0}
ikxv	8	{"ec":0}
ikxw	8	{"ec":0}
ikxz	8	{"ec":0}
ikyc	8	{"ec":0}
ikyd	8	{"ec":0}
ikyf	8	{"ec":0}
ikyg	8	{"ec":0}
ikyj	8	{"ec":0}
ikyn	8	{"ec":0}
ikyp	8	{"ec":0}
ikyq	8	{"ec":0}
ikyv	8	{"ec":0}
ikyx	8	{"ec":0}
ikyz	8	{"ec":0}
ikzb	8	{"ec":0}
ikzc	8	{"ec":0}
ikzd	8	{"ec":0}
ikzf	8	{"ec":0}
ikzg	8	{"ec":0}
ikzh	8	{"ec":0}
ikzk	8	{"ec":0}
ikzl	8	{"ec":0}
ikzp	8	{"ec":0}
ikzq	8	{"ec":0}
ikzr	8	{"ec":0}
ikzs	8	{"ec":0}
ikzt	8	{"ec":0}
ikzu	8	{"ec":0}
ikzw	8	{"ec":0}
ikzz	8	{"ec":0}
ilaf	8	{"ec":0}
ilaq	8	{"ec":0}
ilbd	8	{"ec":0}
ilbg	8	{"ec":0}
ilbh	8	{"ec":0}
ilbm	8	{"ec":0}
ilbw	8	{"ec":0}
ilci	8	{"ec":0}
ilcw	8	{"ec":0}
ildi	8	{"ec":0}
ildl	8	{"ec":0}
ildo	8	{"ec":0}
ilef	8	{"ec":0}
ileh	8	{"ec":0}
ilej	8	{"ec":0}
ilfb	8	{"ec":0}
ilfc	8	{"ec":0}
ilfo	8	{"ec":0}
ilfz	8	{"ec":0}
ilga	8	{"ec":0}
ilgp	8	{"ec":0}
ilgr	8	{"ec":0}
ilgu	8	{"ec":0}
ilgv	8	{"ec":0}
ilhc	8	{"ec":0}
ilho	8	{"ec":0}
iliw	8	{"ec":0}
iljo	8	{"ec":0}
iljv	8	{"ec":0}
ilkf	8	{"ec":0}
ilkv	8	{"ec":0}
ilkx	8	{"ec":0}
ilmv	8	{"ec":0}
ilnd	8	{"ec":0}
ilne	8	{"ec":0}
ilnh	8	{"ec":0}
ilnj	8	{"ec":0}
ilno	8	{"ec":0}
ilns	8	{"ec":0}
ilnx	8	{"ec":0}
ilnz	8	{"ec":0}
ilob	8	{"ec":0}
ilof	8	{"ec":0}
iloh	8	{"ec":0}
iloq	8	{"ec":0}
ilow	8	{"ec":0}
iloz	8	{"ec":0}
ilph	8	{"ec":0}
ilpq	8	{"ec":0}
ilpu	8	{"ec":0}
ilpv	8	{"ec":0}
ilqe	8	{"ec":0}
ilqg	8	{"ec":0}
ilqj	8	{"ec":0}
ilqn	8	{"ec":0}
ilqo	8	{"ec":0}
ilqp	8	{"ec":0}
ilqr	8	{"ec":0}
ilqv	8	{"ec":0}
ilrd	8	{"ec":0}
ilrh	8	{"ec":0}
ilrn	8	{"ec":0}
ilru	8	{"ec":0}
ilrv	8	{"ec":0}
ilso	8	{"ec":0}
iltd	8	{"ec":0}
ilti	8	{"ec":0}
ilto	8	{"ec":0}
iltu	8	{"ec":0}
iltw	8	{"ec":0}
ilvd	8	{"ec":0}
ilvg	8	{"ec":0}
ilvh	8	{"ec":0}
ilvl	8	{"ec":0}
ilvn	8	{"ec":0}
ilvp	8	{"ec":0}
ilvq	8	{"ec":0}
ilvr	8	{"ec":0}
ilvw	8	{"ec":0}
ilwi	8	{"ec":0}
ilwu	8	{"ec":0}
ilwz	8	{"ec":0}
ilxa	8	{"ec":0}
ilxr	8	{"ec":0}
ilxv	8	{"ec":0}
ilzr	8	{"ec":0}
imbp	8	{"ec":0}
imbu	8	{"ec":0}
imcv	8	{"ec":0}
imeh	8	{"ec":0}
imej	8	{"ec":0}
imeu	8	{"ec":0}
imfb	8	{"ec":0}
imfd	8	{"ec":0}
imfn	8	{"ec":0}
imgv	8	{"ec":0}
imgz	8	{"ec":0}
imib	8	{"ec":0}
imih	8	{"ec":0}
imij	8	{"ec":0}
imjn	8	{"ec":0}
imjv	8	{"ec":0}
imkn	8	{"ec":0}
imks	8	{"ec":0}
immb	8	{"ec":0}
imnd	8	{"ec":0}
imnj	8	{"ec":0}
imnl	8	{"ec":0}
imnz	8	{"ec":0}
imof	8	{"ec":0}
imoq	8	{"ec":0}
imow	8	{"ec":0}
impf	8	{"ec":0}
imql	8	{"ec":0}
imqn	8	{"ec":0}
imrd	8	{"ec":0}
imrg	8	{"ec":0}
imrh	8	{"ec":0}
imrm	8	{"ec":0}
imrv	8	{"ec":0}
imrw	8	{"ec":0}
imtk	8	{"ec":0}
imuh	8	{"ec":0}
imuj	8	{"ec":0}
imuq	8	{"ec":0}
imuw	8	{"ec":0}
imuy	8	{"ec":0}
imvb	8	{"ec":0}
imvd	8	{"ec":0}
imvg	8	{"ec":0}
imvj	8	{"ec":0}
imvl	8	{"ec":0}
imvn	8	{"ec":0}
imvr	8	{"ec":0}
imvy	8	{"ec":0}
imwv	8	{"ec":0}
imyc	8	{"ec":0}
imzu	8	{"ec":0}
imzv	8	{"ec":0}
inag	8	{"ec":0}
inbd	8	{"ec":0}
inbf	8	{"ec":0}
inbh	8	{"ec":0}
inbp	8	{"ec":0}
inbx	8	{"ec":0}
inbz	8	{"ec":0}
incg	8	{"ec":0}
incm	8	{"ec":0}
indh	8	{"ec":0}
indp	8	{"ec":0}
indq	8	{"ec":0}
indt	8	{"ec":0}
indz	8	{"ec":0}
ineb	8	{"ec":0}
inej	8	{"ec":0}
infd	8	{"ec":0}
infh	8	{"ec":0}
infk	8	{"ec":0}
ingt	8	{"ec":0}
ingw	8	{"ec":0}
inhf	8	{"ec":0}
inhr	8	{"ec":0}
inhv	8	{"ec":0}
inhx	8	{"ec":0}
inih	8	{"ec":0}
inij	8	{"ec":0}
inik	8	{"ec":0}
iniz	8	{"ec":0}
injd	8	{"ec":0}
injf	8	{"ec":0}
injr	8	{"ec":0}
injt	8	{"ec":0}
inkb	8	{"ec":0}
inkd	8	{"ec":0}
inkg	8	{"ec":0}
inkz	8	{"ec":0}
inld	8	{"ec":0}
inlh	8	{"ec":0}
inlk	8	{"ec":0}
inlm	8	{"ec":0}
inlt	8	{"ec":0}
inmb	8	{"ec":0}
inmd	8	{"ec":0}
innf	8	{"ec":0}
innh	8	{"ec":0}
innl	8	{"ec":0}
inoa	8	{"ec":0}
inoj	8	{"ec":0}
inoz	8	{"ec":0}
inpd	8	{"ec":0}
inpf	8	{"ec":0}
inpm	8	{"ec":0}
inpn	8	{"ec":0}
inpv	8	{"ec":0}
inpw	8	{"ec":0}
inpx	8	{"ec":0}
inpy	8	{"ec":0}
inqa	8	{"ec":0}
inqc	8	{"ec":0}
inqk	8	{"ec":0}
inqm	8	{"ec":0}
inqo	8	{"ec":0}
inqr	8	{"ec":0}
inqv	8	{"ec":0}
inrb	8	{"ec":0}
inrf	8	{"ec":0}
inrk	8	{"ec":0}
inrp	8	{"ec":0}
inrq	8	{"ec":0}
inrs	8	{"ec":0}
inrz	8	{"ec":0}
insl	8	{"ec":0}
intb	8	{"ec":0}
intd	8	{"ec":0}
intf	8	{"ec":0}
inub	8	{"ec":0}
inuh	8	{"ec":0}
inuj	8	{"ec":0}
inum	8	{"ec":0}
inuz	8	{"ec":0}
invb	8	{"ec":0}
invh	8	{"ec":0}
invj	8	{"ec":0}
invm	8	{"ec":0}
invq	8	{"ec":0}
invx	8	{"ec":0}
inwb	8	{"ec":0}
inwd	8	{"ec":0}
inxk	8	{"ec":0}
inxw	8	{"ec":0}
inyk	8	{"ec":0}
inyv	8	{"ec":0}
inyw	8	{"ec":0}
inzd	8	{"ec":0}
inzg	8	{"ec":0}
inzq	8	{"ec":0}
inzv	8	{"ec":0}
ioah	8	{"ec":0}
ioaj	8	{"ec":0}
ioap	8	{"ec":0}
ioaq	8	{"ec":0}
iobd	8	{"ec":0}
iobf	8	{"ec":0}
iobh	8	{"ec":0}
iobj	8	{"ec":0}
iobs	8	{"ec":0}
iobv	8	{"ec":0}
ioby	8	{"ec":0}
iocf	8	{"ec":0}
iocu	8	{"ec":0}
iocw	8	{"ec":0}
iodc	8	{"ec":0}
iodg	8	{"ec":0}
iodk	8	{"ec":0}
iodp	8	{"ec":0}
iodq	8	{"ec":0}
iodr	8	{"ec":0}
iods	8	{"ec":0}
iodt	8	{"ec":0}
iodv	8	{"ec":0}
iodw	8	{"ec":0}
iodz	8	{"ec":0}
ioeb	8	{"ec":0}
ioec	8	{"ec":0}
ioej	8	{"ec":0}
ioek	8	{"ec":0}
ioep	8	{"ec":0}
iofb	8	{"ec":0}
iofd	8	{"ec":0}
iofk	8	{"ec":0}
iofn	8	{"ec":0}
iofp	8	{"ec":0}
iofq	8	{"ec":0}
iofw	8	{"ec":0}
iogc	8	{"ec":0}
iogj	8	{"ec":0}
iogm	8	{"ec":0}
iogp	8	{"ec":0}
iogq	8	{"ec":0}
iogs	8	{"ec":0}
iogt	8	{"ec":0}
iogv	8	{"ec":0}
iogw	8	{"ec":0}
iogx	8	{"ec":0}
iogy	8	{"ec":0}
iogz	8	{"ec":0}
ioha	8	{"ec":0}
iohb	8	{"ec":0}
iohd	8	{"ec":0}
iohe	8	{"ec":0}
iohf	8	{"ec":0}
iohi	8	{"ec":0}
iohp	8	{"ec":0}
iohu	8	{"ec":0}
iohv	8	{"ec":0}
iojc	8	{"ec":0}
iojd	8	{"ec":0}
iojg	8	{"ec":0}
iojp	8	{"ec":0}
iojq	8	{"ec":0}
iojs	8	{"ec":0}
iojv	8	{"ec":0}
iojz	8	{"ec":0}
iokf	8	{"ec":0}
iokn	8	{"ec":0}
iokq	8	{"ec":0}
ioks	8	{"ec":0}
iokw	8	{"ec":0}
iokx	8	{"ec":0}
iolc	8	{"ec":0}
iolf	8	{"ec":0}
iolh	8	{"ec":0}
iolq	8	{"ec":0}
iolt	8	{"ec":0}
iomf	8	{"ec":0}
iomh	8	{"ec":0}
iomj	8	{"ec":0}
iomk	8	{"ec":0}
iomq	8	{"ec":0}
iomr	8	{"ec":0}
iomv	8	{"ec":0}
iond	8	{"ec":0}
ionk	8	{"ec":0}
iopb	8	{"ec":0}
iopg	8	{"ec":0}
iopn	8	{"ec":0}
ioqa	8	{"ec":0}
ioqc	8	{"ec":0}
ioqf	8	{"ec":0}
ioqj	8	{"ec":0}
ioqk	8	{"ec":0}
ioqn	8	{"ec":0}
ioqt	8	{"ec":0}
ioqu	8	{"ec":0}
ioqx	8	{"ec":0}
ioqy	8	{"ec":0}
ioqz	8	{"ec":0}
iorj	8	{"ec":0}
iork	8	{"ec":0}
iorq	8	{"ec":0}
iorw	8	{"ec":0}
iotb	8	{"ec":0}
iotg	8	{"ec":0}
iotp	8	{"ec":0}
iotq	8	{"ec":0}
iouf	8	{"ec":0}
iovd	8	{"ec":0}
iovf	8	{"ec":0}
iovj	8	{"ec":0}
iovn	8	{"ec":0}
iovp	8	{"ec":0}
iowb	8	{"ec":0}
iowc	8	{"ec":0}
iowf	8	{"ec":0}
iowm	8	{"ec":0}
iowp	8	{"ec":0}
iowt	8	{"ec":0}
iowx	8	{"ec":0}
ioxb	8	{"ec":0}
ioxg	8	{"ec":0}
ioxq	8	{"ec":0}
ioxr	8	{"ec":0}
ioym	8	{"ec":0}
ioyn	8	{"ec":0}
iozb	8	{"ec":0}
iozd	8	{"ec":0}
iozf	8	{"ec":0}
iozk	8	{"ec":0}
iozn	8	{"ec":0}
iozr	8	{"ec":0}
iozv	8	{"ec":0}
iozw	8	{"ec":0}
ipaf	8	{"ec":0}
ipag	8	{"ec":0}
ipaw	8	{"ec":0}
ipbc	8	{"ec":0}
ipbe	8	{"ec":0}
ipbj	8	{"ec":0}
ipbk	8	{"ec":0}
ipbm	8	{"ec":0}
ipbn	8	{"ec":0}
ipbq	8	{"ec":0}
ipbr	8	{"ec":0}
ipbs	8	{"ec":0}
ipbu	8	{"ec":0}
ipbw	8	{"ec":0}
ipbx	8	{"ec":0}
ipby	8	{"ec":0}
ipcr	8	{"ec":0}
ipcs	8	{"ec":0}
ipct	8	{"ec":0}
ipcu	8	{"ec":0}
ipdg	8	{"ec":0}
ipdh	8	{"ec":0}
ipdi	8	{"ec":0}
ipdm	8	{"ec":0}
ipdq	8	{"ec":0}
ipdr	8	{"ec":0}
ipdu	8	{"ec":0}
ipdw	8	{"ec":0}
ipdx	8	{"ec":0}
ipef	8	{"ec":0}
ipeh	8	{"ec":0}
ipej	8	{"ec":0}
ipeq	8	{"ec":0}
ipes	8	{"ec":0}
ipev	8	{"ec":0}
ipew	8	{"ec":0}
ipfc	8	{"ec":0}
ipfd	8	{"ec":0}
ipfh	8	{"ec":0}
ipfi	8	{"ec":0}
ipfj	8	{"ec":0}
ipfl	8	{"ec":0}
ipfm	8	{"ec":0}
ipfn	8	{"ec":0}
ipfr	8	{"ec":0}
ipfv	8	{"ec":0}
ipfx	8	{"ec":0}
ipfz	8	{"ec":0}
ipga	8	{"ec":0}
ipgb	8	{"ec":0}
ipgc	8	{"ec":0}
ipgi	8	{"ec":0}
ipgj	8	{"ec":0}
ipgk	8	{"ec":0}
ipgl	8	{"ec":0}
ipgn	8	{"ec":0}
ipgq	8	{"ec":0}
ipgu	8	{"ec":0}
ipgv	8	{"ec":0}
ipgz	8	{"ec":0}
iphe	8	{"ec":0}
iphg	8	{"ec":0}
iphj	8	{"ec":0}
iphn	8	{"ec":0}
iphq	8	{"ec":0}
iphr	8	{"ec":0}
iphv	8	{"ec":0}
iphw	8	{"ec":0}
ipif	8	{"ec":0}
ipil	8	{"ec":0}
ipiy	8	{"ec":0}
ipjb	8	{"ec":0}
ipjc	8	{"ec":0}
ipjf	8	{"ec":0}
ipji	8	{"ec":0}
ipjk	8	{"ec":0}
ipjo	8	{"ec":0}
ipjq	8	{"ec":0}
ipjr	8	{"ec":0}
ipjt	8	{"ec":0}
ipju	8	{"ec":0}
ipjx	8	{"ec":0}
ipjy	8	{"ec":0}
ipjz	8	{"ec":0}
ipkb	8	{"ec":0}
ipkj	8	{"ec":0}
ipkn	8	{"ec":0}
ipkv	8	{"ec":0}
iplb	8	{"ec":0}
iplj	8	{"ec":0}
iplt	8	{"ec":0}
iplu	8	{"ec":0}
ipmf	8	{"ec":0}
ipmg	8	{"ec":0}
ipmh	8	{"ec":0}
ipmi	8	{"ec":0}
ipmj	8	{"ec":0}
ipmk	8	{"ec":0}
ipmo	8	{"ec":0}
ipmp	8	{"ec":0}
ipmu	8	{"ec":0}
ipmv	8	{"ec":0}
ipmy	8	{"ec":0}
ipnd	8	{"ec":0}
ipni	8	{"ec":0}
ipnj	8	{"ec":0}
ipnk	8	{"ec":0}
ipnp	8	{"ec":0}
ipnq	8	{"ec":0}
ipnr	8	{"ec":0}
ipnt	8	{"ec":0}
ipnv	8	{"ec":0}
ipnx	8	{"ec":0}
ipny	8	{"ec":0}
ipnz	8	{"ec":0}
ipph	8	{"ec":0}
ippx	8	{"ec":0}
ipqf	8	{"ec":0}
ipqh	8	{"ec":0}
ipqk	8	{"ec":0}
ipqr	8	{"ec":0}
ipqs	8	{"ec":0}
ipqu	8	{"ec":0}
ipqx	8	{"ec":0}
ipqz	8	{"ec":0}
ipra	8	{"ec":0}
iprb	8	{"ec":0}
iprf	8	{"ec":0}
iprg	8	{"ec":0}
iprh	8	{"ec":0}
iprk	8	{"ec":0}
iprl	8	{"ec":0}
iprm	8	{"ec":0}
iprn	8	{"ec":0}
iprp	8	{"ec":0}
ipru	8	{"ec":0}
iprv	8	{"ec":0}
iprx	8	{"ec":0}
ipry	8	{"ec":0}
iprz	8	{"ec":0}
ipsf	8	{"ec":0}
ipsi	8	{"ec":0}
ipsx	8	{"ec":0}
iptb	8	{"ec":0}
ipti	8	{"ec":0}
iptn	8	{"ec":0}
iptr	8	{"ec":0}
ipuc	8	{"ec":0}
ipuj	8	{"ec":0}
ipuk	8	{"ec":0}
ipum	8	{"ec":0}
ipur	8	{"ec":0}
ipuw	8	{"ec":0}
ipvg	8	{"ec":0}
ipvi	8	{"ec":0}
ipvj	8	{"ec":0}
ipvk	8	{"ec":0}
ipvm	8	{"ec":0}
ipvn	8	{"ec":0}
ipvo	8	{"ec":0}
ipvq	8	{"ec":0}
ipvt	8	{"ec":0}
ipvu	8	{"ec":0}
ipvz	8	{"ec":0}
ipwd	8	{"ec":0}
ipwh	8	{"ec":0}
ipwl	8	{"ec":0}
ipwn	8	{"ec":0}
ipwp	8	{"ec":0}
ipwt	8	{"ec":0}
ipwv	8	{"ec":0}
ipxc	8	{"ec":0}
ipxe	8	{"ec":0}
ipxg	8	{"ec":0}
ipxo	8	{"ec":0}
ipxt	8	{"ec":0}
ipxv	8	{"ec":0}
ipxw	8	{"ec":0}
ipxz	8	{"ec":0}
ipyb	8	{"ec":0}
ipye	8	{"ec":0}
ipzb	8	{"ec":0}
ipzo	8	{"ec":0}
ipzr	8	{"ec":0}
ipzs	8	{"ec":0}
ipzu	8	{"ec":0}
ipzv	8	{"ec":0}
iqab	8	{"ec":0}
iqag	8	{"ec":0}
iqaj	8	{"ec":0}
iqak	8	{"ec":0}
iqap	8	{"ec":0}
iqar	8	{"ec":0}
iqbf	8	{"ec":0}
iqbg	8	{"ec":0}
iqbi	8	{"ec":0}
iqbm	8	{"ec":0}
iqbo	8	{"ec":0}
iqbr	8	{"ec":0}
iqbt	8	{"ec":0}
iqbu	8	{"ec":0}
iqbv	8	{"ec":0}
iqby	8	{"ec":0}
iqca	8	{"ec":0}
iqcb	8	{"ec":0}
iqce	8	{"ec":0}
iqcj	8	{"ec":0}
iqcp	8	{"ec":0}
iqct	8	{"ec":0}
iqcv	8	{"ec":0}
iqcw	8	{"ec":0}
iqcx	8	{"ec":0}
iqdg	8	{"ec":0}
iqdh	8	{"ec":0}
iqdt	8	{"ec":0}
iqdx	8	{"ec":0}
iqed	8	{"ec":0}
iqeg	8	{"ec":0}
iqej	8	{"ec":0}
iqek	8	{"ec":0}
iqem	8	{"ec":0}
iqeo	8	{"ec":0}
iqep	8	{"ec":0}
iqet	8	{"ec":0}
iqev	8	{"ec":0}
iqfa	8	{"ec":0}
iqfc	8	{"ec":0}
iqfe	8	{"ec":0}
iqfh	8	{"ec":0}
iqfi	8	{"ec":0}
iqfk	8	{"ec":0}
iqfl	8	{"ec":0}
iqfp	8	{"ec":0}
iqft	8	{"ec":0}
iqfv	8	{"ec":0}
iqfw	8	{"ec":0}
iqfy	8	{"ec":0}
iqfz	8	{"ec":0}
iqga	8	{"ec":0}
iqgb	8	{"ec":0}
iqgc	8	{"ec":0}
iqge	8	{"ec":0}
iqgf	8	{"ec":0}
iqgi	8	{"ec":0}
iqgl	8	{"ec":0}
iqgr	8	{"ec":0}
iqgv	8	{"ec":0}
iqgw	8	{"ec":0}
iqgx	8	{"ec":0}
iqgz	8	{"ec":0}
iqhc	8	{"ec":0}
iqhe	8	{"ec":0}
iqhf	8	{"ec":0}
iqhm	8	{"ec":0}
iqhn	8	{"ec":0}
iqho	8	{"ec":0}
iqhr	8	{"ec":0}
iqhs	8	{"ec":0}
iqht	8	{"ec":0}
iqhu	8	{"ec":0}
iqhv	8	{"ec":0}
iqif	8	{"ec":0}
iqik	8	{"ec":0}
iqis	8	{"ec":0}
iqja	8	{"ec":0}
iqjb	8	{"ec":0}
iqjc	8	{"ec":0}
iqjg	8	{"ec":0}
iqjh	8	{"ec":0}
iqjl	8	{"ec":0}
iqjp	8	{"ec":0}
iqjv	8	{"ec":0}
iqjw	8	{"ec":0}
iqkb	8	{"ec":0}
iqkc	8	{"ec":0}
iqkd	8	{"ec":0}
iqke	8	{"ec":0}
iqkf	8	{"ec":0}
iqkm	8	{"ec":0}
iqkn	8	{"ec":0}
iqkp	8	{"ec":0}
iqkr	8	{"ec":0}
iqkt	8	{"ec":0}
iqkv	8	{"ec":0}
iqkw	8	{"ec":0}
iqkx	8	{"ec":0}
iqkz	8	{"ec":0}
iqlb	8	{"ec":0}
iqle	8	{"ec":0}
iqlf	8	{"ec":0}
iqlh	8	{"ec":0}
iqli	8	{"ec":0}
iqlk	8	{"ec":0}
iqlm	8	{"ec":0}
iqln	8	{"ec":0}
iqlr	8	{"ec":0}
iqlu	8	{"ec":0}
iqlv	8	{"ec":0}
iqlw	8	{"ec":0}
iqlz	8	{"ec":0}
iqmb	8	{"ec":0}
iqmc	8	{"ec":0}
iqmd	8	{"ec":0}
iqmf	8	{"ec":0}
iqmg	8	{"ec":0}
iqmk	8	{"ec":0}
iqml	8	{"ec":0}
iqmn	8	{"ec":0}
iqmo	8	{"ec":0}
iqmu	8	{"ec":0}
iqmv	8	{"ec":0}
iqmw	8	{"ec":0}
iqna	8	{"ec":0}
iqnb	8	{"ec":0}
iqnf	8	{"ec":0}
iqni	8	{"ec":0}
iqnj	8	{"ec":0}
iqnk	8	{"ec":0}
iqnm	8	{"ec":0}
iqno	8	{"ec":0}
iqnp	8	{"ec":0}
iqnr	8	{"ec":0}
iqnt	8	{"ec":0}
iqnu	8	{"ec":0}
iqnv	8	{"ec":0}
iqnw	8	{"ec":0}
iqoa	8	{"ec":0}
iqoc	8	{"ec":0}
iqog	8	{"ec":0}
iqoh	8	{"ec":0}
iqoj	8	{"ec":0}
iqor	8	{"ec":0}
iqos	8	{"ec":0}
iqot	8	{"ec":0}
iqow	8	{"ec":0}
iqox	8	{"ec":0}
iqoz	8	{"ec":0}
iqpa	8	{"ec":0}
iqpf	8	{"ec":0}
iqph	8	{"ec":0}
iqpj	8	{"ec":0}
iqpm	8	{"ec":0}
iqpn	8	{"ec":0}
iqpo	8	{"ec":0}
iqps	8	{"ec":0}
iqpu	8	{"ec":0}
iqpw	8	{"ec":0}
iqpy	8	{"ec":0}
iqpz	8	{"ec":0}
iqqa	8	{"ec":0}
iqqh	8	{"ec":0}
iqqv	8	{"ec":0}
iqrf	8	{"ec":0}
iqrg	8	{"ec":0}
iqrh	8	{"ec":0}
iqrj	8	{"ec":0}
iqrk	8	{"ec":0}
iqrn	8	{"ec":0}
iqro	8	{"ec":0}
iqrp	8	{"ec":0}
iqrt	8	{"ec":0}
iqrv	8	{"ec":0}
iqrw	8	{"ec":0}
iqrx	8	{"ec":0}
iqry	8	{"ec":0}
iqrz	8	{"ec":0}
iqsd	8	{"ec":0}
iqsg	8	{"ec":0}
iqsj	8	{"ec":0}
iqsr	8	{"ec":0}
iqsu	8	{"ec":0}
iqta	8	{"ec":0}
iqtb	8	{"ec":0}
iqtf	8	{"ec":0}
iqth	8	{"ec":0}
iqtl	8	{"ec":0}
iqtm	8	{"ec":0}
iqtn	8	{"ec":0}
iqto	8	{"ec":0}
iqtr	8	{"ec":0}
iqtw	8	{"ec":0}
iqtz	8	{"ec":0}
iqub	8	{"ec":0}
iqud	8	{"ec":0}
iqug	8	{"ec":0}
iqui	8	{"ec":0}
iquj	8	{"ec":0}
iquk	8	{"ec":0}
iqul	8	{"ec":0}
iqum	8	{"ec":0}
iqur	8	{"ec":0}
iqus	8	{"ec":0}
iqut	8	{"ec":0}
iquv	8	{"ec":0}
iquy	8	{"ec":0}
iqvc	8	{"ec":0}
iqvd	8	{"ec":0}
iqve	8	{"ec":0}
iqvf	8	{"ec":0}
iqvh	8	{"ec":0}
iqvj	8	{"ec":0}
iqvk	8	{"ec":0}
iqvl	8	{"ec":0}
iqvm	8	{"ec":0}
iqvo	8	{"ec":0}
iqvp	8	{"ec":0}
iqvq	8	{"ec":0}
iqvr	8	{"ec":0}
iqvs	8	{"ec":0}
iqvt	8	{"ec":0}
iqvu	8	{"ec":0}
iqvz	8	{"ec":0}
iqwb	8	{"ec":0}
iqwc	8	{"ec":0}
iqwg	8	{"ec":0}
iqwh	8	{"ec":0}
iqwj	8	{"ec":0}
iqwk	8	{"ec":0}
iqwn	8	{"ec":0}
iqwr	8	{"ec":0}
iqwt	8	{"ec":0}
iqwv	8	{"ec":0}
iqxc	8	{"ec":0}
iqxd	8	{"ec":0}
iqxk	8	{"ec":0}
iqxl	8	{"ec":0}
iqxm	8	{"ec":0}
iqxn	8	{"ec":0}
iqxq	8	{"ec":0}
iqxs	8	{"ec":0}
iqxt	8	{"ec":0}
iqxv	8	{"ec":0}
iqxz	8	{"ec":0}
iqya	8	{"ec":0}
iqyb	8	{"ec":0}
iqyd	8	{"ec":0}
iqyh	8	{"ec":0}
iqyl	8	{"ec":0}
iqyn	8	{"ec":0}
iqyo	8	{"ec":0}
iqyp	8	{"ec":0}
iqyr	8	{"ec":0}
iqyt	8	{"ec":0}
iqyv	8	{"ec":0}
iqyz	8	{"ec":0}
iqze	8	{"ec":0}
iqzf	8	{"ec":0}
iqzg	8	{"ec":0}
iqzn	8	{"ec":0}
iqzo	8	{"ec":0}
iqzp	8	{"ec":0}
iqzr	8	{"ec":0}
iqzt	8	{"ec":0}
iqzu	8	{"ec":0}
iqzv	8	{"ec":0}
irab	8	{"ec":0}
irag	8	{"ec":0}
irah	8	{"ec":0}
irbd	8	{"ec":0}
irbe	8	{"ec":0}
irbf	8	{"ec":0}
irbg	8	{"ec":0}
irbh	8	{"ec":0}
irbi	8	{"ec":0}
irbl	8	{"ec":0}
irbo	8	{"ec":0}
irbp	8	{"ec":0}
irbt	8	{"ec":0}
irbu	8	{"ec":0}
irbv	8	{"ec":0}
irbx	8	{"ec":0}
irby	8	{"ec":0}
ircg	8	{"ec":0}
ircj	8	{"ec":0}
ircl	8	{"ec":0}
ircp	8	{"ec":0}
ircq	8	{"ec":0}
irct	8	{"ec":0}
ircx	8	{"ec":0}
irdc	8	{"ec":0}
irdf	8	{"ec":0}
irdg	8	{"ec":0}
irdi	8	{"ec":0}
irdk	8	{"ec":0}
irdl	8	{"ec":0}
irdn	8	{"ec":0}
irdp	8	{"ec":0}
irdq	8	{"ec":0}
irds	8	{"ec":0}
irdv	8	{"ec":0}
irdw	8	{"ec":0}
irdx	8	{"ec":0}
iref	8	{"ec":0}
irej	8	{"ec":0}
irep	8	{"ec":0}
irfa	8	{"ec":0}
irfb	8	{"ec":0}
irfc	8	{"ec":0}
irfd	8	{"ec":0}
irfe	8	{"ec":0}
irfg	8	{"ec":0}
irfh	8	{"ec":0}
irfj	8	{"ec":0}
irfl	8	{"ec":0}
irfq	8	{"ec":0}
irfs	8	{"ec":0}
irft	8	{"ec":0}
irfu	8	{"ec":0}
irga	8	{"ec":0}
irgd	8	{"ec":0}
irgh	8	{"ec":0}
irgi	8	{"ec":0}
irgk	8	{"ec":0}
irgl	8	{"ec":0}
irgm	8	{"ec":0}
irgn	8	{"ec":0}
irgr	8	{"ec":0}
irgt	8	{"ec":0}
irgu	8	{"ec":0}
irgv	8	{"ec":0}
irgx	8	{"ec":0}
irha	8	{"ec":0}
irhc	8	{"ec":0}
irhe	8	{"ec":0}
irhf	8	{"ec":0}
irhi	8	{"ec":0}
irhj	8	{"ec":0}
irhk	8	{"ec":0}
irhl	8	{"ec":0}
irhm	8	{"ec":0}
irhn	8	{"ec":0}
irhp	8	{"ec":0}
irhq	8	{"ec":0}
irhr	8	{"ec":0}
irhs	8	{"ec":0}
irht	8	{"ec":0}
irhw	8	{"ec":0}
irhx	8	{"ec":0}
irhz	8	{"ec":0}
irij	8	{"ec":0}
iriq	8	{"ec":0}
iriw	8	{"ec":0}
irjb	8	{"ec":0}
irjc	8	{"ec":0}
irje	8	{"ec":0}
irjf	8	{"ec":0}
irji	8	{"ec":0}
irjk	8	{"ec":0}
irjl	8	{"ec":0}
irjm	8	{"ec":0}
irjn	8	{"ec":0}
irjo	8	{"ec":0}
irjp	8	{"ec":0}
irjq	8	{"ec":0}
irjr	8	{"ec":0}
irjs	8	{"ec":0}
irjt	8	{"ec":0}
irju	8	{"ec":0}
irjv	8	{"ec":0}
irjw	8	{"ec":0}
irjy	8	{"ec":0}
irjz	8	{"ec":0}
irkd	8	{"ec":0}
irke	8	{"ec":0}
irkf	8	{"ec":0}
irkg	8	{"ec":0}
irkh	8	{"ec":0}
irki	8	{"ec":0}
irkl	8	{"ec":0}
irkm	8	{"ec":0}
irkn	8	{"ec":0}
irkp	8	{"ec":0}
irkq	8	{"ec":0}
irkr	8	{"ec":0}
irks	8	{"ec":0}
irkt	8	{"ec":0}
irku	8	{"ec":0}
irkv	8	{"ec":0}
irkw	8	{"ec":0}
irkx	8	{"ec":0}
irky	8	{"ec":0}
irkz	8	{"ec":0}
irla	8	{"ec":0}
irlb	8	{"ec":0}
irlc	8	{"ec":0}
irld	8	{"ec":0}
irlf	8	{"ec":0}
irlg	8	{"ec":0}
irlk	8	{"ec":0}
irln	8	{"ec":0}
irlo	8	{"ec":0}
irlp	8	{"ec":0}
irlq	8	{"ec":0}
irlu	8	{"ec":0}
irlv	8	{"ec":0}
irlx	8	{"ec":0}
irlz	8	{"ec":0}
irmf	8	{"ec":0}
irmh	8	{"ec":0}
irmi	8	{"ec":0}
irmj	8	{"ec":0}
irmk	8	{"ec":0}
irmn	8	{"ec":0}
irmq	8	{"ec":0}
irmr	8	{"ec":0}
irms	8	{"ec":0}
irmt	8	{"ec":0}
irmu	8	{"ec":0}
irmv	8	{"ec":0}
irmz	8	{"ec":0}
irnb	8	{"ec":0}
irnc	8	{"ec":0}
irnf	8	{"ec":0}
irno	8	{"ec":0}
irnq	8	{"ec":0}
irnr	8	{"ec":0}
irns	8	{"ec":0}
irnt	8	{"ec":0}
irnv	8	{"ec":0}
irnw	8	{"ec":0}
irnx	8	{"ec":0}
irnz	8	{"ec":0}
irob	8	{"ec":0}
irof	8	{"ec":0}
iroj	8	{"ec":0}
irop	8	{"ec":0}
iroq	8	{"ec":0}
irot	8	{"ec":0}
irow	8	{"ec":0}
iroz	8	{"ec":0}
irpb	8	{"ec":0}
irpc	8	{"ec":0}
irpe	8	{"ec":0}
irph	8	{"ec":0}
irpj	8	{"ec":0}
irpl	8	{"ec":0}
irpm	8	{"ec":0}
irpn	8	{"ec":0}
irpo	8	{"ec":0}
irpp	8	{"ec":0}
irpq	8	{"ec":0}
irpr	8	{"ec":0}
irpv	8	{"ec":0}
irpw	8	{"ec":0}
irpy	8	{"ec":0}
irpz	8	{"ec":0}
irqa	8	{"ec":0}
irqc	8	{"ec":0}
irqd	8	{"ec":0}
irqf	8	{"ec":0}
irqj	8	{"ec":0}
irqk	8	{"ec":0}
irqm	8	{"ec":0}
irqn	8	{"ec":0}
irqo	8	{"ec":0}
irqp	8	{"ec":0}
irqr	8	{"ec":0}
irqt	8	{"ec":0}
irqv	8	{"ec":0}
irqx	8	{"ec":0}
irqz	8	{"ec":0}
irrb	8	{"ec":0}
irrd	8	{"ec":0}
irrf	8	{"ec":0}
irrg	8	{"ec":0}
irrh	8	{"ec":0}
irrm	8	{"ec":0}
irrn	8	{"ec":0}
irrp	8	{"ec":0}
irrq	8	{"ec":0}
irrv	8	{"ec":0}
irrw	8	{"ec":0}
irsg	8	{"ec":0}
irsl	8	{"ec":0}
irsn	8	{"ec":0}
irsq	8	{"ec":0}
irsr	8	{"ec":0}
irsv	8	{"ec":0}
irsw	8	{"ec":0}
irsx	8	{"ec":0}
irta	8	{"ec":0}
irtb	8	{"ec":0}
irte	8	{"ec":0}
irtj	8	{"ec":0}
irtl	8	{"ec":0}
irtm	8	{"ec":0}
irtn	8	{"ec":0}
irto	8	{"ec":0}
irtp	8	{"ec":0}
irtq	8	{"ec":0}
irts	8	{"ec":0}
irtw	8	{"ec":0}
irub	8	{"ec":0}
iruk	8	{"ec":0}
irul	8	{"ec":0}
irup	8	{"ec":0}
iruq	8	{"ec":0}
irut	8	{"ec":0}
iruu	8	{"ec":0}
iruv	8	{"ec":0}
iruw	8	{"ec":0}
irux	8	{"ec":0}
iruz	8	{"ec":0}
irvb	8	{"ec":0}
irvh	8	{"ec":0}
irvl	8	{"ec":0}
irvm	8	{"ec":0}
irvo	8	{"ec":0}
irvr	8	{"ec":0}
irvx	8	{"ec":0}
irvz	8	{"ec":0}
irwa	8	{"ec":0}
irwb	8	{"ec":0}
irwc	8	{"ec":0}
irwf	8	{"ec":0}
irwh	8	{"ec":0}
irwi	8	{"ec":0}
irwj	8	{"ec":0}
irwl	8	{"ec":0}
irwm	8	{"ec":0}
irwo	8	{"ec":0}
irwp	8	{"ec":0}
irwq	8	{"ec":0}
irwr	8	{"ec":0}
irwt	8	{"ec":0}
irwu	8	{"ec":0}
irwx	8	{"ec":0}
irwz	8	{"ec":0}
irxe	8	{"ec":0}
irxg	8	{"ec":0}
irxj	8	{"ec":0}
irxk	8	{"ec":0}
irxm	8	{"ec":0}
irxo	8	{"ec":0}
irxt	8	{"ec":0}
irxu	8	{"ec":0}
irxv	8	{"ec":0}
irxw	8	{"ec":0}
irxz	8	{"ec":0}
iryb	8	{"ec":0}
iryc	8	{"ec":0}
iryd	8	{"ec":0}
iryf	8	{"ec":0}
iryg	8	{"ec":0}
iryk	8	{"ec":0}
iryp	8	{"ec":0}
iryr	8	{"ec":0}
iryv	8	{"ec":0}
iryw	8	{"ec":0}
iryx	8	{"ec":0}
iryz	8	{"ec":0}
irzb	8	{"ec":0}
irzc	8	{"ec":0}
irze	8	{"ec":0}
irzf	8	{"ec":0}
irzg	8	{"ec":0}
irzi	8	{"ec":0}
irzl	8	{"ec":0}
irzm	8	{"ec":0}
irzo	8	{"ec":0}
irzp	8	{"ec":0}
irzq	8	{"ec":0}
irzr	8	{"ec":0}
irzs	8	{"ec":0}
irzt	8	{"ec":0}
irzu	8	{"ec":0}
irzv	8	{"ec":0}
irzw	8	{"ec":0}
irzx	8	{"ec":0}
irzz	8	{"ec":0}
isag	8	{"ec":0}
isaz	8	{"ec":0}
isbg	8	{"ec":0}
isbi	8	{"ec":0}
isbk	8	{"ec":0}
isbp	8	{"ec":0}
isbq	8	{"ec":0}
isbr	8	{"ec":0}
isbw	8	{"ec":0}
iscl	8	{"ec":0}
isdp	8	{"ec":0}
isdw	8	{"ec":0}
iseb	8	{"ec":0}
iseg	8	{"ec":0}
isez	8	{"ec":0}
isfb	8	{"ec":0}
isfd	8	{"ec":0}
isfg	8	{"ec":0}
isfw	8	{"ec":0}
isge	8	{"ec":0}
isgi	8	{"ec":0}
isgk	8	{"ec":0}
isgn	8	{"ec":0}
isgt	8	{"ec":0}
isgv	8	{"ec":0}
ishc	8	{"ec":0}
ishp	8	{"ec":0}
isht	8	{"ec":0}
isih	8	{"ec":0}
isiq	8	{"ec":0}
isiw	8	{"ec":0}
isjb	8	{"ec":0}
isje	8	{"ec":0}
isjl	8	{"ec":0}
isjr	8	{"ec":0}
isjs	8	{"ec":0}
isju	8	{"ec":0}
isjv	8	{"ec":0}
iskf	8	{"ec":0}
iskn	8	{"ec":0}
iskp	8	{"ec":0}
iskq	8	{"ec":0}
iskw	8	{"ec":0}
isln	8	{"ec":0}
islx	8	{"ec":0}
islz	8	{"ec":0}
ismk	8	{"ec":0}
ismn	8	{"ec":0}
ismp	8	{"ec":0}
isnh	8	{"ec":0}
isnq	8	{"ec":0}
isnv	8	{"ec":0}
isnz	8	{"ec":0}
isoh	8	{"ec":0}
isos	8	{"ec":0}
ispb	8	{"ec":0}
ispe	8	{"ec":0}
ispj	8	{"ec":0}
ispl	8	{"ec":0}
ispq	8	{"ec":0}
ispv	8	{"ec":0}
ispw	8	{"ec":0}
isqa	8	{"ec":0}
isqc	8	{"ec":0}
isqe	8	{"ec":0}
isqf	8	{"ec":0}
isqm	8	{"ec":0}
isqn	8	{"ec":0}
isqp	8	{"ec":0}
isqu	8	{"ec":0}
isqv	8	{"ec":0}
isqx	8	{"ec":0}
isqz	8	{"ec":0}
isrb	8	{"ec":0}
isrd	8	{"ec":0}
isrf	8	{"ec":0}
isrg	8	{"ec":0}
isrh	8	{"ec":0}
isrk	8	{"ec":0}
isrp	8	{"ec":0}
isrt	8	{"ec":0}
isry	8	{"ec":0}
isrz	8	{"ec":0}
istb	8	{"ec":0}
istd	8	{"ec":0}
isth	8	{"ec":0}
istn	8	{"ec":0}
istw	8	{"ec":0}
isuw	8	{"ec":0}
isuz	8	{"ec":0}
isvj	8	{"ec":0}
isvl	8	{"ec":0}
isvp	8	{"ec":0}
isvq	8	{"ec":0}
isvt	8	{"ec":0}
isvy	8	{"ec":0}
iswd	8	{"ec":0}
iswp	8	{"ec":0}
iswt	8	{"ec":0}
iswv	8	{"ec":0}
isxa	8	{"ec":0}
isxc	8	{"ec":0}
isxp	8	{"ec":0}
isxr	8	{"ec":0}
isxv	8	{"ec":0}
isyd	8	{"ec":0}
isyj	8	{"ec":0}
isyv	8	{"ec":0}
iszg	8	{"ec":0}
iszp	8	{"ec":0}
iszr	8	{"ec":0}
iszt	8	{"ec":0}
iszv	8	{"ec":0}
itaf	8	{"ec":0}
itaj	8	{"ec":0}
itaw	8	{"ec":0}
itbe	8	{"ec":0}
itbg	8	{"ec":0}
itbp	8	{"ec":0}
itcb	8	{"ec":0}
itdk	8	{"ec":0}
itdp	8	{"ec":0}
iteb	8	{"ec":0}
itef	8	{"ec":0}
iteg	8	{"ec":0}
iteh	8	{"ec":0}
iteu	8	{"ec":0}
itfg	8	{"ec":0}
itfo	8	{"ec":0}
itfp	8	{"ec":0}
itfq	8	{"ec":0}
itfr	8	{"ec":0}
itfx	8	{"ec":0}
itgb	8	{"ec":0}
itgi	8	{"ec":0}
itgn	8	{"ec":0}
itgr	8	{"ec":0}
itgv	8	{"ec":0}
ithd	8	{"ec":0}
ithi	8	{"ec":0}
itht	8	{"ec":0}
itib	8	{"ec":0}
itig	8	{"ec":0}
itih	8	{"ec":0}
itir	8	{"ec":0}
itix	8	{"ec":0}
itjc	8	{"ec":0}
itjh	8	{"ec":0}
itjk	8	{"ec":0}
itjw	8	{"ec":0}
itkn	8	{"ec":0}
itkq	8	{"ec":0}
itks	8	{"ec":0}
itkz	8	{"ec":0}
itla	8	{"ec":0}
itlb	8	{"ec":0}
itlc	8	{"ec":0}
itld	8	{"ec":0}
itlr	8	{"ec":0}
itls	8	{"ec":0}
itlz	8	{"ec":0}
itmb	8	{"ec":0}
itmf	8	{"ec":0}
itmn	8	{"ec":0}
itmv	8	{"ec":0}
itmw	8	{"ec":0}
itmz	8	{"ec":0}
itnd	8	{"ec":0}
itnp	8	{"ec":0}
itnu	8	{"ec":0}
itnv	8	{"ec":0}
itnw	8	{"ec":0}
itoj	8	{"ec":0}
itoq	8	{"ec":0}
itov	8	{"ec":0}
itpb	8	{"ec":0}
itph	8	{"ec":0}
itpj	8	{"ec":0}
itpq	8	{"ec":0}
itpr	8	{"ec":0}
itpv	8	{"ec":0}
itpw	8	{"ec":0}
itpy	8	{"ec":0}
itqa	8	{"ec":0}
itqh	8	{"ec":0}
itqj	8	{"ec":0}
itqk	8	{"ec":0}
itqm	8	{"ec":0}
itqn	8	{"ec":0}
itqt	8	{"ec":0}
itqv	8	{"ec":0}
itqx	8	{"ec":0}
itrk	8	{"ec":0}
itrm	8	{"ec":0}
itrp	8	{"ec":0}
itrq	8	{"ec":0}
itrv	8	{"ec":0}
itrz	8	{"ec":0}
itth	8	{"ec":0}
ittz	8	{"ec":0}
itud	8	{"ec":0}
itul	8	{"ec":0}
itum	8	{"ec":0}
ituo	8	{"ec":0}
itur	8	{"ec":0}
ituw	8	{"ec":0}
itva	8	{"ec":0}
itvd	8	{"ec":0}
itvh	8	{"ec":0}
itvm	8	{"ec":0}
itvt	8	{"ec":0}
itvw	8	{"ec":0}
itvx	8	{"ec":0}
itvy	8	{"ec":0}
itvz	8	{"ec":0}
itwc	8	{"ec":0}
itwq	8	{"ec":0}
itwr	8	{"ec":0}
itxo	8	{"ec":0}
itxv	8	{"ec":0}
ityn	8	{"ec":0}
ityr	8	{"ec":0}
ityv	8	{"ec":0}
itzl	8	{"ec":0}
itzn	8	{"ec":0}
itzr	8	{"ec":0}
iuab	8	{"ec":0}
iuac	8	{"ec":0}
iuad	8	{"ec":0}
iuag	8	{"ec":0}
iuah	8	{"ec":0}
iuai	8	{"ec":0}
iuaj	8	{"ec":0}
iuak	8	{"ec":0}
iuaq	8	{"ec":0}
iuar	8	{"ec":0}
iuaw	8	{"ec":0}
iuaz	8	{"ec":0}
iuba	8	{"ec":0}
iubd	8	{"ec":0}
iubi	8	{"ec":0}
iubm	8	{"ec":0}
iubp	8	{"ec":0}
iubs	8	{"ec":0}
iubv	8	{"ec":0}
iubw	8	{"ec":0}
iucb	8	{"ec":0}
iucd	8	{"ec":0}
iucg	8	{"ec":0}
iuci	8	{"ec":0}
iucm	8	{"ec":0}
iucq	8	{"ec":0}
iuct	8	{"ec":0}
iucw	8	{"ec":0}
iudb	8	{"ec":0}
iudj	8	{"ec":0}
iudm	8	{"ec":0}
iudp	8	{"ec":0}
iudq	8	{"ec":0}
iudr	8	{"ec":0}
iudt	8	{"ec":0}
iudv	8	{"ec":0}
iudx	8	{"ec":0}
iuea	8	{"ec":0}
iuef	8	{"ec":0}
iueh	8	{"ec":0}
iuej	8	{"ec":0}
iuel	8	{"ec":0}
iuep	8	{"ec":0}
iuev	8	{"ec":0}
iuex	8	{"ec":0}
iuez	8	{"ec":0}
iufb	8	{"ec":0}
iufd	8	{"ec":0}
iufi	8	{"ec":0}
iufj	8	{"ec":0}
iufk	8	{"ec":0}
iufl	8	{"ec":0}
iufm	8	{"ec":0}
iufn	8	{"ec":0}
iuft	8	{"ec":0}
iufw	8	{"ec":0}
iufz	8	{"ec":0}
iugc	8	{"ec":0}
iugs	8	{"ec":0}
iugt	8	{"ec":0}
iugx	8	{"ec":0}
iuhc	8	{"ec":0}
iuhr	8	{"ec":0}
iuht	8	{"ec":0}
iuhv	8	{"ec":0}
iuhx	8	{"ec":0}
iuic	8	{"ec":0}
iuja	8	{"ec":0}
iujb	8	{"ec":0}
iujd	8	{"ec":0}
iuje	8	{"ec":0}
iujk	8	{"ec":0}
iujl	8	{"ec":0}
iujs	8	{"ec":0}
iujv	8	{"ec":0}
iujz	8	{"ec":0}
iukb	8	{"ec":0}
iukd	8	{"ec":0}
iukg	8	{"ec":0}
iukh	8	{"ec":0}
iukp	8	{"ec":0}
iukq	8	{"ec":0}
iuks	8	{"ec":0}
iukw	8	{"ec":0}
iukx	8	{"ec":0}
iuld	8	{"ec":0}
iulg	8	{"ec":0}
iulp	8	{"ec":0}
iulr	8	{"ec":0}
iult	8	{"ec":0}
iulv	8	{"ec":0}
iulw	8	{"ec":0}
iumf	8	{"ec":0}
iumg	8	{"ec":0}
iumh	8	{"ec":0}
iumj	8	{"ec":0}
iumk	8	{"ec":0}
iump	8	{"ec":0}
iumq	8	{"ec":0}
iums	8	{"ec":0}
iumt	8	{"ec":0}
iumv	8	{"ec":0}
iumw	8	{"ec":0}
iunc	8	{"ec":0}
iund	8	{"ec":0}
iune	8	{"ec":0}
iunf	8	{"ec":0}
iunl	8	{"ec":0}
iunq	8	{"ec":0}
iunw	8	{"ec":0}
iunx	8	{"ec":0}
iuny	8	{"ec":0}
iuob	8	{"ec":0}
iuoc	8	{"ec":0}
iuom	8	{"ec":0}
iupa	8	{"ec":0}
iupc	8	{"ec":0}
iupf	8	{"ec":0}
iupg	8	{"ec":0}
iupj	8	{"ec":0}
iupn	8	{"ec":0}
iupt	8	{"ec":0}
iupw	8	{"ec":0}
iupx	8	{"ec":0}
iupy	8	{"ec":0}
iuqc	8	{"ec":0}
iuqf	8	{"ec":0}
iuqj	8	{"ec":0}
iuqk	8	{"ec":0}
iuql	8	{"ec":0}
iuqm	8	{"ec":0}
iuqo	8	{"ec":0}
iuqp	8	{"ec":0}
iuqr	8	{"ec":0}
iuqv	8	{"ec":0}
iuqz	8	{"ec":0}
iurb	8	{"ec":0}
iurc	8	{"ec":0}
iurj	8	{"ec":0}
iurk	8	{"ec":0}
iurn	8	{"ec":0}
iurp	8	{"ec":0}
iurx	8	{"ec":0}
iurz	8	{"ec":0}
iusg	8	{"ec":0}
iusj	8	{"ec":0}
iusl	8	{"ec":0}
iusm	8	{"ec":0}
iusp	8	{"ec":0}
iusv	8	{"ec":0}
iute	8	{"ec":0}
iutp	8	{"ec":0}
iutq	8	{"ec":0}
iutw	8	{"ec":0}
